<html>
<head>
<title>TestNG:  Regression Test</title>
<link href="../testng.css" rel="stylesheet" type="text/css" />
<link href="../my-testng.css" rel="stylesheet" type="text/css" />

<style type="text/css">
.log { display: none;} 
.stack-trace { display: none;} 
</style>
<script type="text/javascript">
<!--
function flip(e) {
  current = e.style.display;
  if (current == 'block') {
    e.style.display = 'none';
    return 0;
  }
  else {
    e.style.display = 'block';
    return 1;
  }
}

function toggleBox(szDivId, elem, msg1, msg2)
{
  var res = -1;  if (document.getElementById) {
    res = flip(document.getElementById(szDivId));
  }
  else if (document.all) {
    // this is the way old msie versions work
    res = flip(document.all[szDivId]);
  }
  if(elem) {
    if(res == 0) elem.innerHTML = msg1; else elem.innerHTML = msg2;
  }

}

function toggleAllBoxes() {
  if (document.getElementsByTagName) {
    d = document.getElementsByTagName('div');
    for (i = 0; i < d.length; i++) {
      if (d[i].className == 'log') {
        flip(d[i]);
      }
    }
  }
}

// -->
</script>

</head>
<body>
<h2 align='center'>Regression Test</h2><table border='1' align="center">
<tr>
<td>Tests passed/Failed/Skipped:</td><td>9/2/0</td>
</tr><tr>
<td>Started on:</td><td>Tue Dec 13 00:38:32 GMT 2022</td>
</tr>
<tr><td>Total time:</td><td>184 seconds (184266 ms)</td>
</tr><tr>
<td>Included groups:</td><td>regression </td>
</tr><tr>
<td>Excluded groups:</td><td></td>
</tr>
</table><p/>
<small><i>(Hover the method name to see the test class name)</i></small><p/>
<table width='100%' border='1' class='invocation-failed'>
<tr><td colspan='4' align='center'><b>FAILED TESTS</b></td></tr>
<tr><td><b>Test method</b></td>
<td width="30%"><b>Exception</b></td>
<td width="10%"><b>Time (seconds)</b></td>
<td><b>Instance</b></td>
</tr>
<tr>
<td title='com.tutorialsninja.testsuite.LaptopsAndNotebookTest.verifyThatUserPlaceOrderSuccessfully()'><b>verifyThatUserPlaceOrderSuccessfully</b><br>Test class: com.tutorialsninja.testsuite.LaptopsAndNotebookTest<br/>
<a href="#Output-146174144" onClick='toggleBox("Output-146174144", this, "Show output", "Hide output");'>Show output</a>

<a href="#Output-146174144" onClick="toggleAllBoxes();">Show all outputs</a>
<div class='log' id="Output-146174144">
clickOnAllLaptopAndNotebooksLink[[ChromeDriver: chrome on WINDOWS (fc9b20e4f70390e2fef0607b0fd255e5)] -> link text: Show All Laptops & Notebooks]<br/>
sortByPriceHighToLowfromDropdown[[ChromeDriver: chrome on WINDOWS (fc9b20e4f70390e2fef0607b0fd255e5)] -> id: input-sort]<br/>
clickOnMacbookLink[[ChromeDriver: chrome on WINDOWS (fc9b20e4f70390e2fef0607b0fd255e5)] -> link text: MacBook]<br/>
getVerifyMacbook[[ChromeDriver: chrome on WINDOWS (fc9b20e4f70390e2fef0607b0fd255e5)] -> link text: MacBook]<br/>
clickOnAddToCart[[ChromeDriver: chrome on WINDOWS (fc9b20e4f70390e2fef0607b0fd255e5)] -> xpath: //button[@id='button-cart']]<br/>
getVerifySuccess[[ChromeDriver: chrome on WINDOWS (fc9b20e4f70390e2fef0607b0fd255e5)] -> xpath: //div[@class='alert alert-success alert-dismissible']]<br/>
clickOnShoppingCart[[ChromeDriver: chrome on WINDOWS (fc9b20e4f70390e2fef0607b0fd255e5)] -> xpath: //button[@id='button-cart']]<br/>
getVerifyProductMacbook[[ChromeDriver: chrome on WINDOWS (fc9b20e4f70390e2fef0607b0fd255e5)] -> xpath: //div[@id='content']//h1]<br/>
sendTextToQuantityField[[ChromeDriver: chrome on WINDOWS (fc9b20e4f70390e2fef0607b0fd255e5)] -> xpath: //input[contains(@name, 'quantity')]]<br/>
clickOnCheckoutCart[[ChromeDriver: chrome on WINDOWS (fc9b20e4f70390e2fef0607b0fd255e5)] -> xpath: //header/div[1]/div[1]/div[3]/div[1]/button[1]]<br/>
clickOnFinalCheckout[[ChromeDriver: chrome on WINDOWS (fc9b20e4f70390e2fef0607b0fd255e5)] -> xpath: //body[1]/header[1]/div[1]/div[1]/div[3]/div[1]/ul[1]/li[2]/div[1]/p[1]/a[2]/strong[1]]<br/>
getVerifyCheckout[[ChromeDriver: chrome on WINDOWS (fc9b20e4f70390e2fef0607b0fd255e5)] -> xpath: //a[contains(text(),'Checkout')]]<br/>
getVerifyNewCustomer[[ChromeDriver: chrome on WINDOWS (fc9b20e4f70390e2fef0607b0fd255e5)] -> xpath: //div[@class='col-sm-6']//h2]<br/>
clickOnGuestCheckout[[ChromeDriver: chrome on WINDOWS (fc9b20e4f70390e2fef0607b0fd255e5)] -> xpath: //label[text()[normalize-space()='Guest Checkout']]]<br/>
clickOnContinueTab[[ChromeDriver: chrome on WINDOWS (fc9b20e4f70390e2fef0607b0fd255e5)] -> xpath: //input[@id='button-account']]<br/>
enterNam[[ChromeDriver: chrome on WINDOWS (fc9b20e4f70390e2fef0607b0fd255e5)] -> name: firstname]<br/>
enterLastName[[ChromeDriver: chrome on WINDOWS (fc9b20e4f70390e2fef0607b0fd255e5)] -> name: lastname]<br/>
enterEmail[[ChromeDriver: chrome on WINDOWS (fc9b20e4f70390e2fef0607b0fd255e5)] -> id: input-payment-email]<br/>
enterTelephone[[ChromeDriver: chrome on WINDOWS (fc9b20e4f70390e2fef0607b0fd255e5)] -> name: telephone]<br/>
enterAddress[[ChromeDriver: chrome on WINDOWS (fc9b20e4f70390e2fef0607b0fd255e5)] -> name: address_1]<br/>
enterCity[[ChromeDriver: chrome on WINDOWS (fc9b20e4f70390e2fef0607b0fd255e5)] -> name: city]<br/>
enterPostcode[[ChromeDriver: chrome on WINDOWS (fc9b20e4f70390e2fef0607b0fd255e5)] -> name: postcode]<br/>
enterCountry[[ChromeDriver: chrome on WINDOWS (fc9b20e4f70390e2fef0607b0fd255e5)] -> id: input-payment-country]<br/>
enterState[[ChromeDriver: chrome on WINDOWS (fc9b20e4f70390e2fef0607b0fd255e5)] -> xpath: //select[@id='input-payment-zone']]<br/>
clickOnCheckout[[ChromeDriver: chrome on WINDOWS (fc9b20e4f70390e2fef0607b0fd255e5)] -> xpath: (//input[@value='Continue'])[2]]<br/>
enterTextProxy element for: DefaultElementLocator 'By.xpath: //textarea[@name='comment']'<br/>
Click to see screenshot<br/>
<a target = "_blank" href=C:\Users\USER\IdeaProjects\testng-week15-tutorialsninja-naresh/test-output/html/verifyThatUserPlaceOrderSuccessfullyTue_Dec_13_00_40_28_GMT_2022.jpg>Screenshot</a><br/>
<br><br/>
<br><br/>
<a target = "_blank" href=C:\Users\USER\IdeaProjects\testng-week15-tutorialsninja-naresh/test-output/html/verifyThatUserPlaceOrderSuccessfullyTue_Dec_13_00_40_28_GMT_2022.jpg><img src=C:\Users\USER\IdeaProjects\testng-week15-tutorialsninja-naresh/test-output/html/verifyThatUserPlaceOrderSuccessfullyTue_Dec_13_00_40_28_GMT_2022.jpg height=200 width=200></img></a><br/>
</div>
</td>
<td><div><pre>org.openqa.selenium.NoSuchElementException: no such element: Unable to locate element: {&quot;method&quot;:&quot;xpath&quot;,&quot;selector&quot;:&quot;//textarea[@name=&apos;comment&apos;]&quot;}
  (Session info: chrome=108.0.5359.99)
For documentation on this error, please visit: https://selenium.dev/exceptions/#no_such_element
Build info: version: &apos;4.6.0&apos;, revision: &apos;79f1c02ae20&apos;
System info: os.name: &apos;Windows 10&apos;, os.arch: &apos;amd64&apos;, os.version: &apos;10.0&apos;, java.version: &apos;1.8.0_121&apos;
Driver info: org.openqa.selenium.chrome.ChromeDriver
Command: [fc9b20e4f70390e2fef0607b0fd255e5, findElement {using=xpath, value=//textarea[@name=&apos;comment&apos;]}]
Capabilities {acceptInsecureCerts: false, browserName: chrome, browserVersion: 108.0.5359.99, chrome: {chromedriverVersion: 108.0.5359.71 (1e0e3868ee06..., userDataDir: C:\Users\USER\AppData\Local...}, goog:chromeOptions: {debuggerAddress: localhost:58173}, networkConnectionEnabled: false, pageLoadStrategy: normal, platformName: WINDOWS, proxy: Proxy(), se:cdp: ws://localhost:58173/devtoo..., se:cdpVersion: 108.0.5359.99, setWindowRect: true, strictFileInteractability: false, timeouts: {implicit: 0, pageLoad: 300000, script: 30000}, unhandledPromptBehavior: dismiss and notify, webauthn:extension:credBlob: true, webauthn:extension:largeBlob: true, webauthn:virtualAuthenticators: true}
Session ID: fc9b20e4f70390e2fef0607b0fd255e5
	at org.openqa.selenium.remote.codec.w3c.W3CHttpResponseCodec.createException(W3CHttpResponseCodec.java:200)
	at org.openqa.selenium.remote.codec.w3c.W3CHttpResponseCodec.decode(W3CHttpResponseCodec.java:133)
	at org.openqa.selenium.remote.codec.w3c.W3CHttpResponseCodec.decode(W3CHttpResponseCodec.java:53)
	at org.openqa.selenium.remote.HttpCommandExecutor.execute(HttpCommandExecutor.java:184)
	at org.openqa.selenium.remote.service.DriverCommandExecutor.invokeExecute(DriverCommandExecutor.java:167)
	at org.openqa.selenium.remote.service.DriverCommandExecutor.execute(DriverCommandExecutor.java:142)
	at org.openqa.selenium.remote.RemoteWebDriver.execute(RemoteWebDriver.java:541)
	at org.openqa.selenium.remote.ElementLocation$ElementFinder$2.findElement(ElementLocation.java:162)
	at org.openqa.selenium.remote.ElementLocation.findElement(ElementLocation.java:60)
	at org.openqa.selenium.remote.RemoteWebDriver.findElement(RemoteWebDriver.java:365)
	at org.openqa.selenium.remote.RemoteWebDriver.findElement(RemoteWebDriver.java:357)
	at org.openqa.selenium.support.pagefactory.DefaultElementLocator.findElement(DefaultElementLocator.java:70)
	at org.openqa.selenium.support.pagefactory.internal.LocatingElementHandler.invoke(LocatingElementHandler.java:39)
	at com.sun.proxy.$Proxy16.sendKeys(Unknown Source)
	at com.tutorialsninja.utility.Utility.sendTextToElement(Utility.java:72)
	at com.tutorialsninja.pages.LaptopsAndNotebooks.enterText(LaptopsAndNotebooks.java:340)
	at com.tutorialsninja.testsuite.LaptopsAndNotebookTest.verifyThatUserPlaceOrderSuccessfully(LaptopsAndNotebookTest.java:73)
	at java.util.ArrayList.forEach(ArrayList.java:1249)
	at com.intellij.rt.testng.IDEARemoteTestNG.run(IDEARemoteTestNG.java:66)
	at com.intellij.rt.testng.RemoteTestNGStarter.main(RemoteTestNGStarter.java:109)
... Removed 28 stack frames</pre></div><a href='#' onClick='toggleBox("stack-trace146174144", this, "Click to show all stack frames", "Click to hide stack frames")'>Click to show all stack frames</a>
<div class='stack-trace' id='stack-trace146174144'><pre>org.openqa.selenium.NoSuchElementException: no such element: Unable to locate element: {&quot;method&quot;:&quot;xpath&quot;,&quot;selector&quot;:&quot;//textarea[@name=&apos;comment&apos;]&quot;}
  (Session info: chrome=108.0.5359.99)
For documentation on this error, please visit: https://selenium.dev/exceptions/#no_such_element
Build info: version: &apos;4.6.0&apos;, revision: &apos;79f1c02ae20&apos;
System info: os.name: &apos;Windows 10&apos;, os.arch: &apos;amd64&apos;, os.version: &apos;10.0&apos;, java.version: &apos;1.8.0_121&apos;
Driver info: org.openqa.selenium.chrome.ChromeDriver
Command: [fc9b20e4f70390e2fef0607b0fd255e5, findElement {using=xpath, value=//textarea[@name=&apos;comment&apos;]}]
Capabilities {acceptInsecureCerts: false, browserName: chrome, browserVersion: 108.0.5359.99, chrome: {chromedriverVersion: 108.0.5359.71 (1e0e3868ee06..., userDataDir: C:\Users\USER\AppData\Local...}, goog:chromeOptions: {debuggerAddress: localhost:58173}, networkConnectionEnabled: false, pageLoadStrategy: normal, platformName: WINDOWS, proxy: Proxy(), se:cdp: ws://localhost:58173/devtoo..., se:cdpVersion: 108.0.5359.99, setWindowRect: true, strictFileInteractability: false, timeouts: {implicit: 0, pageLoad: 300000, script: 30000}, unhandledPromptBehavior: dismiss and notify, webauthn:extension:credBlob: true, webauthn:extension:largeBlob: true, webauthn:virtualAuthenticators: true}
Session ID: fc9b20e4f70390e2fef0607b0fd255e5
	at sun.reflect.NativeConstructorAccessorImpl.newInstance0(Native Method)
	at sun.reflect.NativeConstructorAccessorImpl.newInstance(NativeConstructorAccessorImpl.java:62)
	at sun.reflect.DelegatingConstructorAccessorImpl.newInstance(DelegatingConstructorAccessorImpl.java:45)
	at java.lang.reflect.Constructor.newInstance(Constructor.java:423)
	at org.openqa.selenium.remote.codec.w3c.W3CHttpResponseCodec.createException(W3CHttpResponseCodec.java:200)
	at org.openqa.selenium.remote.codec.w3c.W3CHttpResponseCodec.decode(W3CHttpResponseCodec.java:133)
	at org.openqa.selenium.remote.codec.w3c.W3CHttpResponseCodec.decode(W3CHttpResponseCodec.java:53)
	at org.openqa.selenium.remote.HttpCommandExecutor.execute(HttpCommandExecutor.java:184)
	at org.openqa.selenium.remote.service.DriverCommandExecutor.invokeExecute(DriverCommandExecutor.java:167)
	at org.openqa.selenium.remote.service.DriverCommandExecutor.execute(DriverCommandExecutor.java:142)
	at org.openqa.selenium.remote.RemoteWebDriver.execute(RemoteWebDriver.java:541)
	at org.openqa.selenium.remote.ElementLocation$ElementFinder$2.findElement(ElementLocation.java:162)
	at org.openqa.selenium.remote.ElementLocation.findElement(ElementLocation.java:60)
	at org.openqa.selenium.remote.RemoteWebDriver.findElement(RemoteWebDriver.java:365)
	at org.openqa.selenium.remote.RemoteWebDriver.findElement(RemoteWebDriver.java:357)
	at org.openqa.selenium.support.pagefactory.DefaultElementLocator.findElement(DefaultElementLocator.java:70)
	at org.openqa.selenium.support.pagefactory.internal.LocatingElementHandler.invoke(LocatingElementHandler.java:39)
	at com.sun.proxy.$Proxy16.sendKeys(Unknown Source)
	at com.tutorialsninja.utility.Utility.sendTextToElement(Utility.java:72)
	at com.tutorialsninja.pages.LaptopsAndNotebooks.enterText(LaptopsAndNotebooks.java:340)
	at com.tutorialsninja.testsuite.LaptopsAndNotebookTest.verifyThatUserPlaceOrderSuccessfully(LaptopsAndNotebookTest.java:73)
	at sun.reflect.NativeMethodAccessorImpl.invoke0(Native Method)
	at sun.reflect.NativeMethodAccessorImpl.invoke(NativeMethodAccessorImpl.java:62)
	at sun.reflect.DelegatingMethodAccessorImpl.invoke(DelegatingMethodAccessorImpl.java:43)
	at java.lang.reflect.Method.invoke(Method.java:498)
	at org.testng.internal.invokers.MethodInvocationHelper.invokeMethod(MethodInvocationHelper.java:135)
	at org.testng.internal.invokers.TestInvoker.invokeMethod(TestInvoker.java:673)
	at org.testng.internal.invokers.TestInvoker.invokeTestMethod(TestInvoker.java:220)
	at org.testng.internal.invokers.MethodRunner.runInSequence(MethodRunner.java:50)
	at org.testng.internal.invokers.TestInvoker$MethodInvocationAgent.invoke(TestInvoker.java:945)
	at org.testng.internal.invokers.TestInvoker.invokeTestMethods(TestInvoker.java:193)
	at org.testng.internal.invokers.TestMethodWorker.invokeTestMethods(TestMethodWorker.java:146)
	at org.testng.internal.invokers.TestMethodWorker.run(TestMethodWorker.java:128)
	at java.util.ArrayList.forEach(ArrayList.java:1249)
	at org.testng.TestRunner.privateRun(TestRunner.java:808)
	at org.testng.TestRunner.run(TestRunner.java:603)
	at org.testng.SuiteRunner.runTest(SuiteRunner.java:429)
	at org.testng.SuiteRunner.runSequentially(SuiteRunner.java:423)
	at org.testng.SuiteRunner.privateRun(SuiteRunner.java:383)
	at org.testng.SuiteRunner.run(SuiteRunner.java:326)
	at org.testng.SuiteRunnerWorker.runSuite(SuiteRunnerWorker.java:52)
	at org.testng.SuiteRunnerWorker.run(SuiteRunnerWorker.java:95)
	at org.testng.TestNG.runSuitesSequentially(TestNG.java:1249)
	at org.testng.TestNG.runSuitesLocally(TestNG.java:1169)
	at org.testng.TestNG.runSuites(TestNG.java:1092)
	at org.testng.TestNG.run(TestNG.java:1060)
	at com.intellij.rt.testng.IDEARemoteTestNG.run(IDEARemoteTestNG.java:66)
	at com.intellij.rt.testng.RemoteTestNGStarter.main(RemoteTestNGStarter.java:109)
</pre></div></td>
<td>56</td>
<td>com.tutorialsninja.testsuite.LaptopsAndNotebookTest@6d3af739</td></tr>
<tr>
<td title='com.tutorialsninja.testsuite.MyAccountTest.verifyThatUserRegisterAccountSuccessfully()'><b>verifyThatUserRegisterAccountSuccessfully</b><br>Test class: com.tutorialsninja.testsuite.MyAccountTest<br/>
<a href="#Output-52395704" onClick='toggleBox("Output-52395704", this, "Show output", "Hide output");'>Show output</a>

<a href="#Output-52395704" onClick="toggleAllBoxes();">Show all outputs</a>
<div class='log' id="Output-52395704">
clickonMyAccount[[ChromeDriver: chrome on WINDOWS (b213698c5e8873da0f58677f83d8fa73)] -> xpath: //span[contains(text(),'My Account')]]<br/>
enterFirstName[[ChromeDriver: chrome on WINDOWS (b213698c5e8873da0f58677f83d8fa73)] -> id: input-firstname]<br/>
enterLastName[[ChromeDriver: chrome on WINDOWS (b213698c5e8873da0f58677f83d8fa73)] -> id: input-lastname]<br/>
enterEmailAdd[[ChromeDriver: chrome on WINDOWS (b213698c5e8873da0f58677f83d8fa73)] -> id: input-email]<br/>
enterPhoneBy.id: input-telephone<br/>
enterPassword[[ChromeDriver: chrome on WINDOWS (b213698c5e8873da0f58677f83d8fa73)] -> id: input-password]<br/>
enterConfirmPass[[ChromeDriver: chrome on WINDOWS (b213698c5e8873da0f58677f83d8fa73)] -> id: input-confirm]<br/>
clickYesonNewsLetter[[ChromeDriver: chrome on WINDOWS (b213698c5e8873da0f58677f83d8fa73)] -> xpath: //input[@name='newsletter']]<br/>
clickOnPrivacy[[ChromeDriver: chrome on WINDOWS (b213698c5e8873da0f58677f83d8fa73)] -> xpath: //div[@class = 'buttons']//input[@name='agree']]<br/>
clickFinalContinue[[ChromeDriver: chrome on WINDOWS (b213698c5e8873da0f58677f83d8fa73)] -> xpath: //div[@class = 'buttons']//input[@value='Continue']]<br/>
clickOnContinueButton[[ChromeDriver: chrome on WINDOWS (b213698c5e8873da0f58677f83d8fa73)] -> xpath: //a[contains(text(),'Continue')]]<br/>
clickOnMyAccountTab[[ChromeDriver: chrome on WINDOWS (b213698c5e8873da0f58677f83d8fa73)] -> xpath: //span[contains(text(),'My Account')]]<br/>
getVerifyLogout[[ChromeDriver: chrome on WINDOWS (b213698c5e8873da0f58677f83d8fa73)] -> xpath: //h1[contains(text(),'Account Logout')]]<br/>
clickOnContinueTab[[ChromeDriver: chrome on WINDOWS (b213698c5e8873da0f58677f83d8fa73)] -> xpath: //a[contains(text(),'Continue')]]<br/>
Click to see screenshot<br/>
<a target = "_blank" href=C:\Users\USER\IdeaProjects\testng-week15-tutorialsninja-naresh/test-output/html/verifyThatUserRegisterAccountSuccessfullyTue_Dec_13_00_40_58_GMT_2022.jpg>Screenshot</a><br/>
<br><br/>
<br><br/>
<a target = "_blank" href=C:\Users\USER\IdeaProjects\testng-week15-tutorialsninja-naresh/test-output/html/verifyThatUserRegisterAccountSuccessfullyTue_Dec_13_00_40_58_GMT_2022.jpg><img src=C:\Users\USER\IdeaProjects\testng-week15-tutorialsninja-naresh/test-output/html/verifyThatUserRegisterAccountSuccessfullyTue_Dec_13_00_40_58_GMT_2022.jpg height=200 width=200></img></a><br/>
</div>
</td>
<td><div><pre>org.openqa.selenium.StaleElementReferenceException: stale element reference: element is not attached to the page document
  (Session info: chrome=108.0.5359.99)
For documentation on this error, please visit: https://selenium.dev/exceptions/#stale_element_reference
Build info: version: &apos;4.6.0&apos;, revision: &apos;79f1c02ae20&apos;
System info: os.name: &apos;Windows 10&apos;, os.arch: &apos;amd64&apos;, os.version: &apos;10.0&apos;, java.version: &apos;1.8.0_121&apos;
Driver info: org.openqa.selenium.chrome.ChromeDriver
Command: [b213698c5e8873da0f58677f83d8fa73, clickElement {id=b3363523-b323-4ea3-8ccf-df370529fa40}]
Capabilities {acceptInsecureCerts: false, browserName: chrome, browserVersion: 108.0.5359.99, chrome: {chromedriverVersion: 108.0.5359.71 (1e0e3868ee06..., userDataDir: C:\Users\USER\AppData\Local...}, goog:chromeOptions: {debuggerAddress: localhost:58243}, networkConnectionEnabled: false, pageLoadStrategy: normal, platformName: WINDOWS, proxy: Proxy(), se:cdp: ws://localhost:58243/devtoo..., se:cdpVersion: 108.0.5359.99, setWindowRect: true, strictFileInteractability: false, timeouts: {implicit: 0, pageLoad: 300000, script: 30000}, unhandledPromptBehavior: dismiss and notify, webauthn:extension:credBlob: true, webauthn:extension:largeBlob: true, webauthn:virtualAuthenticators: true}
Element: [[ChromeDriver: chrome on WINDOWS (b213698c5e8873da0f58677f83d8fa73)] -&gt; xpath: //a[contains(text(),&apos;Continue&apos;)]]
Session ID: b213698c5e8873da0f58677f83d8fa73
	at org.openqa.selenium.remote.codec.w3c.W3CHttpResponseCodec.createException(W3CHttpResponseCodec.java:200)
	at org.openqa.selenium.remote.codec.w3c.W3CHttpResponseCodec.decode(W3CHttpResponseCodec.java:133)
	at org.openqa.selenium.remote.codec.w3c.W3CHttpResponseCodec.decode(W3CHttpResponseCodec.java:53)
	at org.openqa.selenium.remote.HttpCommandExecutor.execute(HttpCommandExecutor.java:184)
	at org.openqa.selenium.remote.service.DriverCommandExecutor.invokeExecute(DriverCommandExecutor.java:167)
	at org.openqa.selenium.remote.service.DriverCommandExecutor.execute(DriverCommandExecutor.java:142)
	at org.openqa.selenium.remote.RemoteWebDriver.execute(RemoteWebDriver.java:541)
	at org.openqa.selenium.remote.RemoteWebElement.execute(RemoteWebElement.java:257)
	at org.openqa.selenium.remote.RemoteWebElement.click(RemoteWebElement.java:78)
	at org.openqa.selenium.support.pagefactory.internal.LocatingElementHandler.invoke(LocatingElementHandler.java:52)
	at com.sun.proxy.$Proxy16.click(Unknown Source)
	at com.tutorialsninja.utility.Utility.clickOnElement(Utility.java:50)
	at com.tutorialsninja.pages.MyAccount.clickOnContinueTab(MyAccount.java:181)
	at com.tutorialsninja.testsuite.MyAccountTest.verifyThatUserRegisterAccountSuccessfully(MyAccountTest.java:56)
	at java.util.ArrayList.forEach(ArrayList.java:1249)
	at com.intellij.rt.testng.IDEARemoteTestNG.run(IDEARemoteTestNG.java:66)
	at com.intellij.rt.testng.RemoteTestNGStarter.main(RemoteTestNGStarter.java:109)
... Removed 31 stack frames</pre></div><a href='#' onClick='toggleBox("stack-trace52395704", this, "Click to show all stack frames", "Click to hide stack frames")'>Click to show all stack frames</a>
<div class='stack-trace' id='stack-trace52395704'><pre>org.openqa.selenium.StaleElementReferenceException: stale element reference: element is not attached to the page document
  (Session info: chrome=108.0.5359.99)
For documentation on this error, please visit: https://selenium.dev/exceptions/#stale_element_reference
Build info: version: &apos;4.6.0&apos;, revision: &apos;79f1c02ae20&apos;
System info: os.name: &apos;Windows 10&apos;, os.arch: &apos;amd64&apos;, os.version: &apos;10.0&apos;, java.version: &apos;1.8.0_121&apos;
Driver info: org.openqa.selenium.chrome.ChromeDriver
Command: [b213698c5e8873da0f58677f83d8fa73, clickElement {id=b3363523-b323-4ea3-8ccf-df370529fa40}]
Capabilities {acceptInsecureCerts: false, browserName: chrome, browserVersion: 108.0.5359.99, chrome: {chromedriverVersion: 108.0.5359.71 (1e0e3868ee06..., userDataDir: C:\Users\USER\AppData\Local...}, goog:chromeOptions: {debuggerAddress: localhost:58243}, networkConnectionEnabled: false, pageLoadStrategy: normal, platformName: WINDOWS, proxy: Proxy(), se:cdp: ws://localhost:58243/devtoo..., se:cdpVersion: 108.0.5359.99, setWindowRect: true, strictFileInteractability: false, timeouts: {implicit: 0, pageLoad: 300000, script: 30000}, unhandledPromptBehavior: dismiss and notify, webauthn:extension:credBlob: true, webauthn:extension:largeBlob: true, webauthn:virtualAuthenticators: true}
Element: [[ChromeDriver: chrome on WINDOWS (b213698c5e8873da0f58677f83d8fa73)] -&gt; xpath: //a[contains(text(),&apos;Continue&apos;)]]
Session ID: b213698c5e8873da0f58677f83d8fa73
	at sun.reflect.NativeConstructorAccessorImpl.newInstance0(Native Method)
	at sun.reflect.NativeConstructorAccessorImpl.newInstance(NativeConstructorAccessorImpl.java:62)
	at sun.reflect.DelegatingConstructorAccessorImpl.newInstance(DelegatingConstructorAccessorImpl.java:45)
	at java.lang.reflect.Constructor.newInstance(Constructor.java:423)
	at org.openqa.selenium.remote.codec.w3c.W3CHttpResponseCodec.createException(W3CHttpResponseCodec.java:200)
	at org.openqa.selenium.remote.codec.w3c.W3CHttpResponseCodec.decode(W3CHttpResponseCodec.java:133)
	at org.openqa.selenium.remote.codec.w3c.W3CHttpResponseCodec.decode(W3CHttpResponseCodec.java:53)
	at org.openqa.selenium.remote.HttpCommandExecutor.execute(HttpCommandExecutor.java:184)
	at org.openqa.selenium.remote.service.DriverCommandExecutor.invokeExecute(DriverCommandExecutor.java:167)
	at org.openqa.selenium.remote.service.DriverCommandExecutor.execute(DriverCommandExecutor.java:142)
	at org.openqa.selenium.remote.RemoteWebDriver.execute(RemoteWebDriver.java:541)
	at org.openqa.selenium.remote.RemoteWebElement.execute(RemoteWebElement.java:257)
	at org.openqa.selenium.remote.RemoteWebElement.click(RemoteWebElement.java:78)
	at sun.reflect.GeneratedMethodAccessor2.invoke(Unknown Source)
	at sun.reflect.DelegatingMethodAccessorImpl.invoke(DelegatingMethodAccessorImpl.java:43)
	at java.lang.reflect.Method.invoke(Method.java:498)
	at org.openqa.selenium.support.pagefactory.internal.LocatingElementHandler.invoke(LocatingElementHandler.java:52)
	at com.sun.proxy.$Proxy16.click(Unknown Source)
	at com.tutorialsninja.utility.Utility.clickOnElement(Utility.java:50)
	at com.tutorialsninja.pages.MyAccount.clickOnContinueTab(MyAccount.java:181)
	at com.tutorialsninja.testsuite.MyAccountTest.verifyThatUserRegisterAccountSuccessfully(MyAccountTest.java:56)
	at sun.reflect.NativeMethodAccessorImpl.invoke0(Native Method)
	at sun.reflect.NativeMethodAccessorImpl.invoke(NativeMethodAccessorImpl.java:62)
	at sun.reflect.DelegatingMethodAccessorImpl.invoke(DelegatingMethodAccessorImpl.java:43)
	at java.lang.reflect.Method.invoke(Method.java:498)
	at org.testng.internal.invokers.MethodInvocationHelper.invokeMethod(MethodInvocationHelper.java:135)
	at org.testng.internal.invokers.TestInvoker.invokeMethod(TestInvoker.java:673)
	at org.testng.internal.invokers.TestInvoker.invokeTestMethod(TestInvoker.java:220)
	at org.testng.internal.invokers.MethodRunner.runInSequence(MethodRunner.java:50)
	at org.testng.internal.invokers.TestInvoker$MethodInvocationAgent.invoke(TestInvoker.java:945)
	at org.testng.internal.invokers.TestInvoker.invokeTestMethods(TestInvoker.java:193)
	at org.testng.internal.invokers.TestMethodWorker.invokeTestMethods(TestMethodWorker.java:146)
	at org.testng.internal.invokers.TestMethodWorker.run(TestMethodWorker.java:128)
	at java.util.ArrayList.forEach(ArrayList.java:1249)
	at org.testng.TestRunner.privateRun(TestRunner.java:808)
	at org.testng.TestRunner.run(TestRunner.java:603)
	at org.testng.SuiteRunner.runTest(SuiteRunner.java:429)
	at org.testng.SuiteRunner.runSequentially(SuiteRunner.java:423)
	at org.testng.SuiteRunner.privateRun(SuiteRunner.java:383)
	at org.testng.SuiteRunner.run(SuiteRunner.java:326)
	at org.testng.SuiteRunnerWorker.runSuite(SuiteRunnerWorker.java:52)
	at org.testng.SuiteRunnerWorker.run(SuiteRunnerWorker.java:95)
	at org.testng.TestNG.runSuitesSequentially(TestNG.java:1249)
	at org.testng.TestNG.runSuitesLocally(TestNG.java:1169)
	at org.testng.TestNG.runSuites(TestNG.java:1092)
	at org.testng.TestNG.run(TestNG.java:1060)
	at com.intellij.rt.testng.IDEARemoteTestNG.run(IDEARemoteTestNG.java:66)
	at com.intellij.rt.testng.RemoteTestNGStarter.main(RemoteTestNGStarter.java:109)
</pre></div></td>
<td>25</td>
<td>com.tutorialsninja.testsuite.MyAccountTest@1da51a35</td></tr>
</table><p>
<table width='100%' border='1' class='invocation-passed'>
<tr><td colspan='4' align='center'><b>PASSED TESTS</b></td></tr>
<tr><td><b>Test method</b></td>
<td width="30%"><b>Exception</b></td>
<td width="10%"><b>Time (seconds)</b></td>
<td><b>Instance</b></td>
</tr>
<tr>
<td title='com.tutorialsninja.testsuite.LaptopsAndNotebookTest.verifyProductsPriceDisplayHighToLowSuccessfully()'><b>verifyProductsPriceDisplayHighToLowSuccessfully</b><br>Test class: com.tutorialsninja.testsuite.LaptopsAndNotebookTest<br/>
<a href="#Output-1861083998" onClick='toggleBox("Output-1861083998", this, "Show output", "Hide output");'>Show output</a>

<a href="#Output-1861083998" onClick="toggleAllBoxes();">Show all outputs</a>
<div class='log' id="Output-1861083998">
clickOnAllLaptopAndNotebooksLink[[ChromeDriver: chrome on WINDOWS (14d4e7b89a16696cdc34840fa74d4c54)] -> link text: Show All Laptops & Notebooks]<br/>
Click to see screenshot<br/>
<a target = "_blank" href=C:\Users\USER\IdeaProjects\testng-week15-tutorialsninja-naresh/test-output/html/verifyProductsPriceDisplayHighToLowSuccessfullyTue_Dec_13_00_39_27_GMT_2022.jpg>Screenshot</a><br/>
<br><br/>
<br><br/>
<a target = "_blank" href=C:\Users\USER\IdeaProjects\testng-week15-tutorialsninja-naresh/test-output/html/verifyProductsPriceDisplayHighToLowSuccessfullyTue_Dec_13_00_39_27_GMT_2022.jpg><img src=C:\Users\USER\IdeaProjects\testng-week15-tutorialsninja-naresh/test-output/html/verifyProductsPriceDisplayHighToLowSuccessfullyTue_Dec_13_00_39_27_GMT_2022.jpg height=200 width=200></img></a><br/>
</div>
</td>
<td></td>
<td>1</td>
<td>com.tutorialsninja.testsuite.LaptopsAndNotebookTest@6d3af739</td></tr>
<tr>
<td title='com.tutorialsninja.testsuite.MyAccountTest.verifyThatUserShouldLoginAndLogoutSuccessfully()'><b>verifyThatUserShouldLoginAndLogoutSuccessfully</b><br>Test class: com.tutorialsninja.testsuite.MyAccountTest<br/>
<a href="#Output-1817288263" onClick='toggleBox("Output-1817288263", this, "Show output", "Hide output");'>Show output</a>

<a href="#Output-1817288263" onClick="toggleAllBoxes();">Show all outputs</a>
<div class='log' id="Output-1817288263">
clickonMyAccount[[ChromeDriver: chrome on WINDOWS (064ba8fe67237017ba43c0156ab800a6)] -> xpath: //span[contains(text(),'My Account')]]<br/>
enterEmailAdd[[ChromeDriver: chrome on WINDOWS (064ba8fe67237017ba43c0156ab800a6)] -> id: input-email]<br/>
enterPassword[[ChromeDriver: chrome on WINDOWS (064ba8fe67237017ba43c0156ab800a6)] -> id: input-password]<br/>
clickOnMyAccountTab[[ChromeDriver: chrome on WINDOWS (064ba8fe67237017ba43c0156ab800a6)] -> xpath: //span[contains(text(),'My Account')]]<br/>
clickOnContinueTab[[ChromeDriver: chrome on WINDOWS (064ba8fe67237017ba43c0156ab800a6)] -> xpath: //a[contains(text(),'Continue')]]<br/>
Click to see screenshot<br/>
<a target = "_blank" href=C:\Users\USER\IdeaProjects\testng-week15-tutorialsninja-naresh/test-output/html/verifyThatUserShouldLoginAndLogoutSuccessfullyTue_Dec_13_00_41_05_GMT_2022.jpg>Screenshot</a><br/>
<br><br/>
<br><br/>
<a target = "_blank" href=C:\Users\USER\IdeaProjects\testng-week15-tutorialsninja-naresh/test-output/html/verifyThatUserShouldLoginAndLogoutSuccessfullyTue_Dec_13_00_41_05_GMT_2022.jpg><img src=C:\Users\USER\IdeaProjects\testng-week15-tutorialsninja-naresh/test-output/html/verifyThatUserShouldLoginAndLogoutSuccessfullyTue_Dec_13_00_41_05_GMT_2022.jpg height=200 width=200></img></a><br/>
</div>
</td>
<td></td>
<td>1</td>
<td>com.tutorialsninja.testsuite.MyAccountTest@1da51a35</td></tr>
<tr>
<td title='com.tutorialsninja.testsuite.MyAccountTest.verifyUserShouldNavigateToLoginPageSuccessfully()'><b>verifyUserShouldNavigateToLoginPageSuccessfully</b><br>Test class: com.tutorialsninja.testsuite.MyAccountTest<br/>
<a href="#Output-838187299" onClick='toggleBox("Output-838187299", this, "Show output", "Hide output");'>Show output</a>

<a href="#Output-838187299" onClick="toggleAllBoxes();">Show all outputs</a>
<div class='log' id="Output-838187299">
clickonMyAccount[[ChromeDriver: chrome on WINDOWS (3d0ca5bd1c6760cb94b9b76dddb2782e)] -> xpath: //span[contains(text(),'My Account')]]<br/>
getVerifyReturning[[ChromeDriver: chrome on WINDOWS (3d0ca5bd1c6760cb94b9b76dddb2782e)] -> xpath: //h2[contains(text(),'Returning Customer')]]<br/>
Click to see screenshot<br/>
<a target = "_blank" href=C:\Users\USER\IdeaProjects\testng-week15-tutorialsninja-naresh/test-output/html/verifyUserShouldNavigateToLoginPageSuccessfullyTue_Dec_13_00_41_10_GMT_2022.jpg>Screenshot</a><br/>
<br><br/>
<br><br/>
<a target = "_blank" href=C:\Users\USER\IdeaProjects\testng-week15-tutorialsninja-naresh/test-output/html/verifyUserShouldNavigateToLoginPageSuccessfullyTue_Dec_13_00_41_10_GMT_2022.jpg><img src=C:\Users\USER\IdeaProjects\testng-week15-tutorialsninja-naresh/test-output/html/verifyUserShouldNavigateToLoginPageSuccessfullyTue_Dec_13_00_41_10_GMT_2022.jpg height=200 width=200></img></a><br/>
</div>
</td>
<td></td>
<td>0</td>
<td>com.tutorialsninja.testsuite.MyAccountTest@1da51a35</td></tr>
<tr>
<td title='com.tutorialsninja.testsuite.DesktopTest.verifyProductAddedToShoppingCartSuccessFully()'><b>verifyProductAddedToShoppingCartSuccessFully</b><br>Test class: com.tutorialsninja.testsuite.DesktopTest<br/>
<a href="#Output-708926121" onClick='toggleBox("Output-708926121", this, "Show output", "Hide output");'>Show output</a>

<a href="#Output-708926121" onClick="toggleAllBoxes();">Show all outputs</a>
<div class='log' id="Output-708926121">
clickOnCurrencyLink[[ChromeDriver: chrome on WINDOWS (e780a06e0d9da95322419468340cd096)] -> xpath: //span[contains(text(),'Currency')]]<br/>
clickOnDesktopLink[[ChromeDriver: chrome on WINDOWS (e780a06e0d9da95322419468340cd096)] -> link text: Desktops]<br/>
clickOnAllDesktop[[ChromeDriver: chrome on WINDOWS (e780a06e0d9da95322419468340cd096)] -> xpath: //a[contains(text(),'Show All Desktops')]]<br/>
SortByNameZtoAfromDropdown[[ChromeDriver: chrome on WINDOWS (e780a06e0d9da95322419468340cd096)] -> id: input-sort]<br/>
clickOnHPlp3065[[ChromeDriver: chrome on WINDOWS (e780a06e0d9da95322419468340cd096)] -> xpath: //a[contains(text(),'HP LP3065')]]<br/>
getVerifyTextHp[[ChromeDriver: chrome on WINDOWS (e780a06e0d9da95322419468340cd096)] -> xpath: //h1[contains(text(),'HP LP3065')]]<br/>
clickOnAdToCart[[ChromeDriver: chrome on WINDOWS (e780a06e0d9da95322419468340cd096)] -> xpath: //button[@id='button-cart']]<br/>
getVerifyMessage[[ChromeDriver: chrome on WINDOWS (e780a06e0d9da95322419468340cd096)] -> css selector: body:nth-child(2) div.container:nth-child(4) > div.alert.alert-success.alert-dismissible]<br/>
clickOnShppingCart[[ChromeDriver: chrome on WINDOWS (e780a06e0d9da95322419468340cd096)] -> xpath: //a[contains(text(),'shopping cart')]]<br/>
getVerifyShoppingCart[[ChromeDriver: chrome on WINDOWS (e780a06e0d9da95322419468340cd096)] -> xpath: //div[@id='content']//h1]<br/>
getVerifyProductNam[[ChromeDriver: chrome on WINDOWS (e780a06e0d9da95322419468340cd096)] -> xpath: //div[@class = 'table-responsive']/table/tbody/tr/td[2]/a]<br/>
getVerifyMode[[ChromeDriver: chrome on WINDOWS (e780a06e0d9da95322419468340cd096)] -> xpath: //div[@class = 'table-responsive']/table/tbody/tr/td[3]]<br/>
getVerifyTotal[[ChromeDriver: chrome on WINDOWS (e780a06e0d9da95322419468340cd096)] -> xpath: //div[@class = 'table-responsive']/table/tbody/tr/td[6]]<br/>
Click to see screenshot<br/>
<a target = "_blank" href=C:\Users\USER\IdeaProjects\testng-week15-tutorialsninja-naresh/test-output/html/verifyProductAddedToShoppingCartSuccessFullyTue_Dec_13_00_38_58_GMT_2022.jpg>Screenshot</a><br/>
<br><br/>
<br><br/>
<a target = "_blank" href=C:\Users\USER\IdeaProjects\testng-week15-tutorialsninja-naresh/test-output/html/verifyProductAddedToShoppingCartSuccessFullyTue_Dec_13_00_38_58_GMT_2022.jpg><img src=C:\Users\USER\IdeaProjects\testng-week15-tutorialsninja-naresh/test-output/html/verifyProductAddedToShoppingCartSuccessFullyTue_Dec_13_00_38_58_GMT_2022.jpg height=200 width=200></img></a><br/>
</div>
</td>
<td></td>
<td>20</td>
<td>com.tutorialsninja.testsuite.DesktopTest@47db50c5</td></tr>
<tr>
<td title='com.tutorialsninja.testsuite.HomePageTest.verifyUserShouldNavigateToLaptopsAndNotebooksPageSuccessfully()'><b>verifyUserShouldNavigateToLaptopsAndNotebooksPageSuccessfully</b><br>Test class: com.tutorialsninja.testsuite.HomePageTest<br/>
<a href="#Output-394190359" onClick='toggleBox("Output-394190359", this, "Show output", "Hide output");'>Show output</a>

<a href="#Output-394190359" onClick="toggleAllBoxes();">Show all outputs</a>
<div class='log' id="Output-394190359">
clickOnLaptopNotebooksLink[[ChromeDriver: chrome on WINDOWS (c7cc6b5be18c8d891f1ff0f852b6364e)] -> link text: Laptops & Notebooks]<br/>
getVerifyText1[[ChromeDriver: chrome on WINDOWS (c7cc6b5be18c8d891f1ff0f852b6364e)] -> xpath: //h2[contains(text(),'Laptops & Notebooks')]]<br/>
Click to see screenshot<br/>
<a target = "_blank" href=C:\Users\USER\IdeaProjects\testng-week15-tutorialsninja-naresh/test-output/html/verifyUserShouldNavigateToLaptopsAndNotebooksPageSuccessfullyTue_Dec_13_00_39_21_GMT_2022.jpg>Screenshot</a><br/>
<br><br/>
<br><br/>
<a target = "_blank" href=C:\Users\USER\IdeaProjects\testng-week15-tutorialsninja-naresh/test-output/html/verifyUserShouldNavigateToLaptopsAndNotebooksPageSuccessfullyTue_Dec_13_00_39_21_GMT_2022.jpg><img src=C:\Users\USER\IdeaProjects\testng-week15-tutorialsninja-naresh/test-output/html/verifyUserShouldNavigateToLaptopsAndNotebooksPageSuccessfullyTue_Dec_13_00_39_21_GMT_2022.jpg height=200 width=200></img></a><br/>
</div>
</td>
<td></td>
<td>0</td>
<td>com.tutorialsninja.testsuite.HomePageTest@4ae82894</td></tr>
<tr>
<td title='com.tutorialsninja.testsuite.HomePageTest.verifyUserShouldNavigateToComponentsPageSuccessfully()'><b>verifyUserShouldNavigateToComponentsPageSuccessfully</b><br>Test class: com.tutorialsninja.testsuite.HomePageTest<br/>
<a href="#Output-969440066" onClick='toggleBox("Output-969440066", this, "Show output", "Hide output");'>Show output</a>

<a href="#Output-969440066" onClick="toggleAllBoxes();">Show all outputs</a>
<div class='log' id="Output-969440066">
clickOnComponantsLink[[ChromeDriver: chrome on WINDOWS (e286b093a11615420d99e650bc151db6)] -> link text: Components]<br/>
getVerifyText2[[ChromeDriver: chrome on WINDOWS (e286b093a11615420d99e650bc151db6)] -> xpath: //h2[contains(text(),'Components')]]<br/>
Click to see screenshot<br/>
<a target = "_blank" href=C:\Users\USER\IdeaProjects\testng-week15-tutorialsninja-naresh/test-output/html/verifyUserShouldNavigateToComponentsPageSuccessfullyTue_Dec_13_00_39_10_GMT_2022.jpg>Screenshot</a><br/>
<br><br/>
<br><br/>
<a target = "_blank" href=C:\Users\USER\IdeaProjects\testng-week15-tutorialsninja-naresh/test-output/html/verifyUserShouldNavigateToComponentsPageSuccessfullyTue_Dec_13_00_39_10_GMT_2022.jpg><img src=C:\Users\USER\IdeaProjects\testng-week15-tutorialsninja-naresh/test-output/html/verifyUserShouldNavigateToComponentsPageSuccessfullyTue_Dec_13_00_39_10_GMT_2022.jpg height=200 width=200></img></a><br/>
</div>
</td>
<td></td>
<td>0</td>
<td>com.tutorialsninja.testsuite.HomePageTest@4ae82894</td></tr>
<tr>
<td title='com.tutorialsninja.testsuite.MyAccountTest.verifyUserShouldNavigateToRegisterPageSuccessfully()'><b>verifyUserShouldNavigateToRegisterPageSuccessfully</b><br>Test class: com.tutorialsninja.testsuite.MyAccountTest<br/>
<a href="#Output-361656258" onClick='toggleBox("Output-361656258", this, "Show output", "Hide output");'>Show output</a>

<a href="#Output-361656258" onClick="toggleAllBoxes();">Show all outputs</a>
<div class='log' id="Output-361656258">
clickonMyAccount[[ChromeDriver: chrome on WINDOWS (239b6d703f4779e2139ab07df42cd140)] -> xpath: //span[contains(text(),'My Account')]]<br/>
getVerifyRegister[[ChromeDriver: chrome on WINDOWS (239b6d703f4779e2139ab07df42cd140)] -> xpath: //h1[contains(text(),'Register Account')]]<br/>
Click to see screenshot<br/>
<a target = "_blank" href=C:\Users\USER\IdeaProjects\testng-week15-tutorialsninja-naresh/test-output/html/verifyUserShouldNavigateToRegisterPageSuccessfullyTue_Dec_13_00_41_35_GMT_2022.jpg>Screenshot</a><br/>
<br><br/>
<br><br/>
<a target = "_blank" href=C:\Users\USER\IdeaProjects\testng-week15-tutorialsninja-naresh/test-output/html/verifyUserShouldNavigateToRegisterPageSuccessfullyTue_Dec_13_00_41_35_GMT_2022.jpg><img src=C:\Users\USER\IdeaProjects\testng-week15-tutorialsninja-naresh/test-output/html/verifyUserShouldNavigateToRegisterPageSuccessfullyTue_Dec_13_00_41_35_GMT_2022.jpg height=200 width=200></img></a><br/>
</div>
</td>
<td></td>
<td>21</td>
<td>com.tutorialsninja.testsuite.MyAccountTest@1da51a35</td></tr>
<tr>
<td title='com.tutorialsninja.testsuite.DesktopTest.verifyProductArrangeInAlphabeticalOrder()'><b>verifyProductArrangeInAlphabeticalOrder</b><br>Test class: com.tutorialsninja.testsuite.DesktopTest<br/>
<a href="#Output-1278790934" onClick='toggleBox("Output-1278790934", this, "Show output", "Hide output");'>Show output</a>

<a href="#Output-1278790934" onClick="toggleAllBoxes();">Show all outputs</a>
<div class='log' id="Output-1278790934">
clickOnDesktopLink[[ChromeDriver: chrome on WINDOWS (918e29c647bc6fe7d51bb9b014e98868)] -> link text: Desktops]<br/>
clickOnAllDesktop[[ChromeDriver: chrome on WINDOWS (918e29c647bc6fe7d51bb9b014e98868)] -> xpath: //a[contains(text(),'Show All Desktops')]]<br/>
Click to see screenshot<br/>
<a target = "_blank" href=C:\Users\USER\IdeaProjects\testng-week15-tutorialsninja-naresh/test-output/html/verifyProductArrangeInAlphabeticalOrderTue_Dec_13_00_39_04_GMT_2022.jpg>Screenshot</a><br/>
<br><br/>
<br><br/>
<a target = "_blank" href=C:\Users\USER\IdeaProjects\testng-week15-tutorialsninja-naresh/test-output/html/verifyProductArrangeInAlphabeticalOrderTue_Dec_13_00_39_04_GMT_2022.jpg><img src=C:\Users\USER\IdeaProjects\testng-week15-tutorialsninja-naresh/test-output/html/verifyProductArrangeInAlphabeticalOrderTue_Dec_13_00_39_04_GMT_2022.jpg height=200 width=200></img></a><br/>
</div>
</td>
<td></td>
<td>2</td>
<td>com.tutorialsninja.testsuite.DesktopTest@47db50c5</td></tr>
<tr>
<td title='com.tutorialsninja.testsuite.HomePageTest.verifyUserShouldNavigateToDesktopsPageSuccessfully()'><b>verifyUserShouldNavigateToDesktopsPageSuccessfully</b><br>Test class: com.tutorialsninja.testsuite.HomePageTest<br/>
<a href="#Output-217062446" onClick='toggleBox("Output-217062446", this, "Show output", "Hide output");'>Show output</a>

<a href="#Output-217062446" onClick="toggleAllBoxes();">Show all outputs</a>
<div class='log' id="Output-217062446">
clickOnDesktopLink[[ChromeDriver: chrome on WINDOWS (68fb56da176fc3e3d4acc30e30f429a2)] -> link text: Desktops]<br/>
getVerifyText[[ChromeDriver: chrome on WINDOWS (68fb56da176fc3e3d4acc30e30f429a2)] -> xpath: //h2[contains(text(),'Desktops')]]<br/>
Click to see screenshot<br/>
<a target = "_blank" href=C:\Users\USER\IdeaProjects\testng-week15-tutorialsninja-naresh/test-output/html/verifyUserShouldNavigateToDesktopsPageSuccessfullyTue_Dec_13_00_39_15_GMT_2022.jpg>Screenshot</a><br/>
<br><br/>
<br><br/>
<a target = "_blank" href=C:\Users\USER\IdeaProjects\testng-week15-tutorialsninja-naresh/test-output/html/verifyUserShouldNavigateToDesktopsPageSuccessfullyTue_Dec_13_00_39_15_GMT_2022.jpg><img src=C:\Users\USER\IdeaProjects\testng-week15-tutorialsninja-naresh/test-output/html/verifyUserShouldNavigateToDesktopsPageSuccessfullyTue_Dec_13_00_39_15_GMT_2022.jpg height=200 width=200></img></a><br/>
</div>
</td>
<td></td>
<td>1</td>
<td>com.tutorialsninja.testsuite.HomePageTest@4ae82894</td></tr>
</table><p>
</body>
</html>