<html>
<head>
<title>TestNG:  Smoke Test</title>
<link href="../testng.css" rel="stylesheet" type="text/css" />
<link href="../my-testng.css" rel="stylesheet" type="text/css" />

<style type="text/css">
.log { display: none;} 
.stack-trace { display: none;} 
</style>
<script type="text/javascript">
<!--
function flip(e) {
  current = e.style.display;
  if (current == 'block') {
    e.style.display = 'none';
    return 0;
  }
  else {
    e.style.display = 'block';
    return 1;
  }
}

function toggleBox(szDivId, elem, msg1, msg2)
{
  var res = -1;  if (document.getElementById) {
    res = flip(document.getElementById(szDivId));
  }
  else if (document.all) {
    // this is the way old msie versions work
    res = flip(document.all[szDivId]);
  }
  if(elem) {
    if(res == 0) elem.innerHTML = msg1; else elem.innerHTML = msg2;
  }

}

function toggleAllBoxes() {
  if (document.getElementsByTagName) {
    d = document.getElementsByTagName('div');
    for (i = 0; i < d.length; i++) {
      if (d[i].className == 'log') {
        flip(d[i]);
      }
    }
  }
}

// -->
</script>

</head>
<body>
<h2 align='center'>Smoke Test</h2><table border='1' align="center">
<tr>
<td>Tests passed/Failed/Skipped:</td><td>4/2/0</td>
</tr><tr>
<td>Started on:</td><td>Tue Dec 13 00:26:35 GMT 2022</td>
</tr>
<tr><td>Total time:</td><td>135 seconds (135689 ms)</td>
</tr><tr>
<td>Included groups:</td><td>smoke </td>
</tr><tr>
<td>Excluded groups:</td><td></td>
</tr>
</table><p/>
<small><i>(Hover the method name to see the test class name)</i></small><p/>
<table width='100%' border='1' class='invocation-failed'>
<tr><td colspan='4' align='center'><b>FAILED TESTS</b></td></tr>
<tr><td><b>Test method</b></td>
<td width="30%"><b>Exception</b></td>
<td width="10%"><b>Time (seconds)</b></td>
<td><b>Instance</b></td>
</tr>
<tr>
<td title='com.tutorialsninja.testsuite.LaptopsAndNotebookTest.verifyThatUserPlaceOrderSuccessfully()'><b>verifyThatUserPlaceOrderSuccessfully</b><br>Test class: com.tutorialsninja.testsuite.LaptopsAndNotebookTest<br/>
<a href="#Output-2043383802" onClick='toggleBox("Output-2043383802", this, "Show output", "Hide output");'>Show output</a>

<a href="#Output-2043383802" onClick="toggleAllBoxes();">Show all outputs</a>
<div class='log' id="Output-2043383802">
clickOnAllLaptopAndNotebooksLink[[ChromeDriver: chrome on WINDOWS (e9bc03bc08dd6205fa46cd3d7b6c4a7a)] -> link text: Show All Laptops & Notebooks]<br/>
sortByPriceHighToLowfromDropdown[[ChromeDriver: chrome on WINDOWS (e9bc03bc08dd6205fa46cd3d7b6c4a7a)] -> id: input-sort]<br/>
clickOnMacbookLink[[ChromeDriver: chrome on WINDOWS (e9bc03bc08dd6205fa46cd3d7b6c4a7a)] -> link text: MacBook]<br/>
getVerifyMacbook[[ChromeDriver: chrome on WINDOWS (e9bc03bc08dd6205fa46cd3d7b6c4a7a)] -> link text: MacBook]<br/>
clickOnAddToCart[[ChromeDriver: chrome on WINDOWS (e9bc03bc08dd6205fa46cd3d7b6c4a7a)] -> xpath: //button[@id='button-cart']]<br/>
getVerifySuccess[[ChromeDriver: chrome on WINDOWS (e9bc03bc08dd6205fa46cd3d7b6c4a7a)] -> xpath: //div[@class='alert alert-success alert-dismissible']]<br/>
clickOnShoppingCart[[ChromeDriver: chrome on WINDOWS (e9bc03bc08dd6205fa46cd3d7b6c4a7a)] -> xpath: //button[@id='button-cart']]<br/>
getVerifyProductMacbook[[ChromeDriver: chrome on WINDOWS (e9bc03bc08dd6205fa46cd3d7b6c4a7a)] -> xpath: //div[@id='content']//h1]<br/>
sendTextToQuantityField[[ChromeDriver: chrome on WINDOWS (e9bc03bc08dd6205fa46cd3d7b6c4a7a)] -> xpath: //input[contains(@name, 'quantity')]]<br/>
clickOnCheckoutCart[[ChromeDriver: chrome on WINDOWS (e9bc03bc08dd6205fa46cd3d7b6c4a7a)] -> xpath: //header/div[1]/div[1]/div[3]/div[1]/button[1]]<br/>
clickOnFinalCheckout[[ChromeDriver: chrome on WINDOWS (e9bc03bc08dd6205fa46cd3d7b6c4a7a)] -> xpath: //body[1]/header[1]/div[1]/div[1]/div[3]/div[1]/ul[1]/li[2]/div[1]/p[1]/a[2]/strong[1]]<br/>
getVerifyCheckout[[ChromeDriver: chrome on WINDOWS (e9bc03bc08dd6205fa46cd3d7b6c4a7a)] -> xpath: //a[contains(text(),'Checkout')]]<br/>
getVerifyNewCustomer[[ChromeDriver: chrome on WINDOWS (e9bc03bc08dd6205fa46cd3d7b6c4a7a)] -> xpath: //div[@class='col-sm-6']//h2]<br/>
clickOnGuestCheckout[[ChromeDriver: chrome on WINDOWS (e9bc03bc08dd6205fa46cd3d7b6c4a7a)] -> xpath: //label[text()[normalize-space()='Guest Checkout']]]<br/>
clickOnContinueTab[[ChromeDriver: chrome on WINDOWS (e9bc03bc08dd6205fa46cd3d7b6c4a7a)] -> xpath: //input[@id='button-account']]<br/>
enterNam[[ChromeDriver: chrome on WINDOWS (e9bc03bc08dd6205fa46cd3d7b6c4a7a)] -> name: firstname]<br/>
enterLastName[[ChromeDriver: chrome on WINDOWS (e9bc03bc08dd6205fa46cd3d7b6c4a7a)] -> name: lastname]<br/>
enterEmail[[ChromeDriver: chrome on WINDOWS (e9bc03bc08dd6205fa46cd3d7b6c4a7a)] -> id: input-payment-email]<br/>
enterTelephone[[ChromeDriver: chrome on WINDOWS (e9bc03bc08dd6205fa46cd3d7b6c4a7a)] -> name: telephone]<br/>
enterAddress[[ChromeDriver: chrome on WINDOWS (e9bc03bc08dd6205fa46cd3d7b6c4a7a)] -> name: address_1]<br/>
enterCity[[ChromeDriver: chrome on WINDOWS (e9bc03bc08dd6205fa46cd3d7b6c4a7a)] -> name: city]<br/>
enterPostcode[[ChromeDriver: chrome on WINDOWS (e9bc03bc08dd6205fa46cd3d7b6c4a7a)] -> name: postcode]<br/>
enterCountry[[ChromeDriver: chrome on WINDOWS (e9bc03bc08dd6205fa46cd3d7b6c4a7a)] -> id: input-payment-country]<br/>
enterState[[ChromeDriver: chrome on WINDOWS (e9bc03bc08dd6205fa46cd3d7b6c4a7a)] -> xpath: //select[@id='input-payment-zone']]<br/>
clickOnCheckout[[ChromeDriver: chrome on WINDOWS (e9bc03bc08dd6205fa46cd3d7b6c4a7a)] -> xpath: (//input[@value='Continue'])[2]]<br/>
enterTextProxy element for: DefaultElementLocator 'By.xpath: //textarea[@name='comment']'<br/>
Click to see screenshot<br/>
<a target = "_blank" href=C:\Users\USER\IdeaProjects\testng-week15-tutorialsninja-naresh/test-output/html/verifyThatUserPlaceOrderSuccessfullyTue_Dec_13_00_28_14_GMT_2022.jpg>Screenshot</a><br/>
<br><br/>
<br><br/>
<a target = "_blank" href=C:\Users\USER\IdeaProjects\testng-week15-tutorialsninja-naresh/test-output/html/verifyThatUserPlaceOrderSuccessfullyTue_Dec_13_00_28_14_GMT_2022.jpg><img src=C:\Users\USER\IdeaProjects\testng-week15-tutorialsninja-naresh/test-output/html/verifyThatUserPlaceOrderSuccessfullyTue_Dec_13_00_28_14_GMT_2022.jpg height=200 width=200></img></a><br/>
</div>
</td>
<td><div><pre>org.openqa.selenium.NoSuchElementException: no such element: Unable to locate element: {&quot;method&quot;:&quot;xpath&quot;,&quot;selector&quot;:&quot;//textarea[@name=&apos;comment&apos;]&quot;}
  (Session info: chrome=108.0.5359.99)
For documentation on this error, please visit: https://selenium.dev/exceptions/#no_such_element
Build info: version: &apos;4.6.0&apos;, revision: &apos;79f1c02ae20&apos;
System info: os.name: &apos;Windows 10&apos;, os.arch: &apos;amd64&apos;, os.version: &apos;10.0&apos;, java.version: &apos;1.8.0_121&apos;
Driver info: org.openqa.selenium.chrome.ChromeDriver
Command: [e9bc03bc08dd6205fa46cd3d7b6c4a7a, findElement {using=xpath, value=//textarea[@name=&apos;comment&apos;]}]
Capabilities {acceptInsecureCerts: false, browserName: chrome, browserVersion: 108.0.5359.99, chrome: {chromedriverVersion: 108.0.5359.71 (1e0e3868ee06..., userDataDir: C:\Users\USER\AppData\Local...}, goog:chromeOptions: {debuggerAddress: localhost:57455}, networkConnectionEnabled: false, pageLoadStrategy: normal, platformName: WINDOWS, proxy: Proxy(), se:cdp: ws://localhost:57455/devtoo..., se:cdpVersion: 108.0.5359.99, setWindowRect: true, strictFileInteractability: false, timeouts: {implicit: 0, pageLoad: 300000, script: 30000}, unhandledPromptBehavior: dismiss and notify, webauthn:extension:credBlob: true, webauthn:extension:largeBlob: true, webauthn:virtualAuthenticators: true}
Session ID: e9bc03bc08dd6205fa46cd3d7b6c4a7a
	at org.openqa.selenium.remote.codec.w3c.W3CHttpResponseCodec.createException(W3CHttpResponseCodec.java:200)
	at org.openqa.selenium.remote.codec.w3c.W3CHttpResponseCodec.decode(W3CHttpResponseCodec.java:133)
	at org.openqa.selenium.remote.codec.w3c.W3CHttpResponseCodec.decode(W3CHttpResponseCodec.java:53)
	at org.openqa.selenium.remote.HttpCommandExecutor.execute(HttpCommandExecutor.java:184)
	at org.openqa.selenium.remote.service.DriverCommandExecutor.invokeExecute(DriverCommandExecutor.java:167)
	at org.openqa.selenium.remote.service.DriverCommandExecutor.execute(DriverCommandExecutor.java:142)
	at org.openqa.selenium.remote.RemoteWebDriver.execute(RemoteWebDriver.java:541)
	at org.openqa.selenium.remote.ElementLocation$ElementFinder$2.findElement(ElementLocation.java:162)
	at org.openqa.selenium.remote.ElementLocation.findElement(ElementLocation.java:60)
	at org.openqa.selenium.remote.RemoteWebDriver.findElement(RemoteWebDriver.java:365)
	at org.openqa.selenium.remote.RemoteWebDriver.findElement(RemoteWebDriver.java:357)
	at org.openqa.selenium.support.pagefactory.DefaultElementLocator.findElement(DefaultElementLocator.java:70)
	at org.openqa.selenium.support.pagefactory.internal.LocatingElementHandler.invoke(LocatingElementHandler.java:39)
	at com.sun.proxy.$Proxy16.sendKeys(Unknown Source)
	at com.tutorialsninja.utility.Utility.sendTextToElement(Utility.java:72)
	at com.tutorialsninja.pages.LaptopsAndNotebooks.enterText(LaptopsAndNotebooks.java:340)
	at com.tutorialsninja.testsuite.LaptopsAndNotebookTest.verifyThatUserPlaceOrderSuccessfully(LaptopsAndNotebookTest.java:73)
	at java.util.ArrayList.forEach(ArrayList.java:1249)
	at com.intellij.rt.testng.IDEARemoteTestNG.run(IDEARemoteTestNG.java:66)
	at com.intellij.rt.testng.RemoteTestNGStarter.main(RemoteTestNGStarter.java:109)
... Removed 28 stack frames</pre></div><a href='#' onClick='toggleBox("stack-trace2043383802", this, "Click to show all stack frames", "Click to hide stack frames")'>Click to show all stack frames</a>
<div class='stack-trace' id='stack-trace2043383802'><pre>org.openqa.selenium.NoSuchElementException: no such element: Unable to locate element: {&quot;method&quot;:&quot;xpath&quot;,&quot;selector&quot;:&quot;//textarea[@name=&apos;comment&apos;]&quot;}
  (Session info: chrome=108.0.5359.99)
For documentation on this error, please visit: https://selenium.dev/exceptions/#no_such_element
Build info: version: &apos;4.6.0&apos;, revision: &apos;79f1c02ae20&apos;
System info: os.name: &apos;Windows 10&apos;, os.arch: &apos;amd64&apos;, os.version: &apos;10.0&apos;, java.version: &apos;1.8.0_121&apos;
Driver info: org.openqa.selenium.chrome.ChromeDriver
Command: [e9bc03bc08dd6205fa46cd3d7b6c4a7a, findElement {using=xpath, value=//textarea[@name=&apos;comment&apos;]}]
Capabilities {acceptInsecureCerts: false, browserName: chrome, browserVersion: 108.0.5359.99, chrome: {chromedriverVersion: 108.0.5359.71 (1e0e3868ee06..., userDataDir: C:\Users\USER\AppData\Local...}, goog:chromeOptions: {debuggerAddress: localhost:57455}, networkConnectionEnabled: false, pageLoadStrategy: normal, platformName: WINDOWS, proxy: Proxy(), se:cdp: ws://localhost:57455/devtoo..., se:cdpVersion: 108.0.5359.99, setWindowRect: true, strictFileInteractability: false, timeouts: {implicit: 0, pageLoad: 300000, script: 30000}, unhandledPromptBehavior: dismiss and notify, webauthn:extension:credBlob: true, webauthn:extension:largeBlob: true, webauthn:virtualAuthenticators: true}
Session ID: e9bc03bc08dd6205fa46cd3d7b6c4a7a
	at sun.reflect.NativeConstructorAccessorImpl.newInstance0(Native Method)
	at sun.reflect.NativeConstructorAccessorImpl.newInstance(NativeConstructorAccessorImpl.java:62)
	at sun.reflect.DelegatingConstructorAccessorImpl.newInstance(DelegatingConstructorAccessorImpl.java:45)
	at java.lang.reflect.Constructor.newInstance(Constructor.java:423)
	at org.openqa.selenium.remote.codec.w3c.W3CHttpResponseCodec.createException(W3CHttpResponseCodec.java:200)
	at org.openqa.selenium.remote.codec.w3c.W3CHttpResponseCodec.decode(W3CHttpResponseCodec.java:133)
	at org.openqa.selenium.remote.codec.w3c.W3CHttpResponseCodec.decode(W3CHttpResponseCodec.java:53)
	at org.openqa.selenium.remote.HttpCommandExecutor.execute(HttpCommandExecutor.java:184)
	at org.openqa.selenium.remote.service.DriverCommandExecutor.invokeExecute(DriverCommandExecutor.java:167)
	at org.openqa.selenium.remote.service.DriverCommandExecutor.execute(DriverCommandExecutor.java:142)
	at org.openqa.selenium.remote.RemoteWebDriver.execute(RemoteWebDriver.java:541)
	at org.openqa.selenium.remote.ElementLocation$ElementFinder$2.findElement(ElementLocation.java:162)
	at org.openqa.selenium.remote.ElementLocation.findElement(ElementLocation.java:60)
	at org.openqa.selenium.remote.RemoteWebDriver.findElement(RemoteWebDriver.java:365)
	at org.openqa.selenium.remote.RemoteWebDriver.findElement(RemoteWebDriver.java:357)
	at org.openqa.selenium.support.pagefactory.DefaultElementLocator.findElement(DefaultElementLocator.java:70)
	at org.openqa.selenium.support.pagefactory.internal.LocatingElementHandler.invoke(LocatingElementHandler.java:39)
	at com.sun.proxy.$Proxy16.sendKeys(Unknown Source)
	at com.tutorialsninja.utility.Utility.sendTextToElement(Utility.java:72)
	at com.tutorialsninja.pages.LaptopsAndNotebooks.enterText(LaptopsAndNotebooks.java:340)
	at com.tutorialsninja.testsuite.LaptopsAndNotebookTest.verifyThatUserPlaceOrderSuccessfully(LaptopsAndNotebookTest.java:73)
	at sun.reflect.NativeMethodAccessorImpl.invoke0(Native Method)
	at sun.reflect.NativeMethodAccessorImpl.invoke(NativeMethodAccessorImpl.java:62)
	at sun.reflect.DelegatingMethodAccessorImpl.invoke(DelegatingMethodAccessorImpl.java:43)
	at java.lang.reflect.Method.invoke(Method.java:498)
	at org.testng.internal.invokers.MethodInvocationHelper.invokeMethod(MethodInvocationHelper.java:135)
	at org.testng.internal.invokers.TestInvoker.invokeMethod(TestInvoker.java:673)
	at org.testng.internal.invokers.TestInvoker.invokeTestMethod(TestInvoker.java:220)
	at org.testng.internal.invokers.MethodRunner.runInSequence(MethodRunner.java:50)
	at org.testng.internal.invokers.TestInvoker$MethodInvocationAgent.invoke(TestInvoker.java:945)
	at org.testng.internal.invokers.TestInvoker.invokeTestMethods(TestInvoker.java:193)
	at org.testng.internal.invokers.TestMethodWorker.invokeTestMethods(TestMethodWorker.java:146)
	at org.testng.internal.invokers.TestMethodWorker.run(TestMethodWorker.java:128)
	at java.util.ArrayList.forEach(ArrayList.java:1249)
	at org.testng.TestRunner.privateRun(TestRunner.java:808)
	at org.testng.TestRunner.run(TestRunner.java:603)
	at org.testng.SuiteRunner.runTest(SuiteRunner.java:429)
	at org.testng.SuiteRunner.runSequentially(SuiteRunner.java:423)
	at org.testng.SuiteRunner.privateRun(SuiteRunner.java:383)
	at org.testng.SuiteRunner.run(SuiteRunner.java:326)
	at org.testng.SuiteRunnerWorker.runSuite(SuiteRunnerWorker.java:52)
	at org.testng.SuiteRunnerWorker.run(SuiteRunnerWorker.java:95)
	at org.testng.TestNG.runSuitesSequentially(TestNG.java:1249)
	at org.testng.TestNG.runSuitesLocally(TestNG.java:1169)
	at org.testng.TestNG.runSuites(TestNG.java:1092)
	at org.testng.TestNG.run(TestNG.java:1060)
	at com.intellij.rt.testng.IDEARemoteTestNG.run(IDEARemoteTestNG.java:66)
	at com.intellij.rt.testng.RemoteTestNGStarter.main(RemoteTestNGStarter.java:109)
</pre></div></td>
<td>56</td>
<td>com.tutorialsninja.testsuite.LaptopsAndNotebookTest@6d3af739</td></tr>
<tr>
<td title='com.tutorialsninja.testsuite.MyAccountTest.verifyThatUserRegisterAccountSuccessfully()'><b>verifyThatUserRegisterAccountSuccessfully</b><br>Test class: com.tutorialsninja.testsuite.MyAccountTest<br/>
<a href="#Output-188909616" onClick='toggleBox("Output-188909616", this, "Show output", "Hide output");'>Show output</a>

<a href="#Output-188909616" onClick="toggleAllBoxes();">Show all outputs</a>
<div class='log' id="Output-188909616">
clickonMyAccount[[ChromeDriver: chrome on WINDOWS (9109c66c417ded8074adcddf63726e1a)] -> xpath: //span[contains(text(),'My Account')]]<br/>
enterFirstName[[ChromeDriver: chrome on WINDOWS (9109c66c417ded8074adcddf63726e1a)] -> id: input-firstname]<br/>
enterLastName[[ChromeDriver: chrome on WINDOWS (9109c66c417ded8074adcddf63726e1a)] -> id: input-lastname]<br/>
enterEmailAdd[[ChromeDriver: chrome on WINDOWS (9109c66c417ded8074adcddf63726e1a)] -> id: input-email]<br/>
enterPhoneBy.id: input-telephone<br/>
enterPassword[[ChromeDriver: chrome on WINDOWS (9109c66c417ded8074adcddf63726e1a)] -> id: input-password]<br/>
enterConfirmPass[[ChromeDriver: chrome on WINDOWS (9109c66c417ded8074adcddf63726e1a)] -> id: input-confirm]<br/>
clickYesonNewsLetter[[ChromeDriver: chrome on WINDOWS (9109c66c417ded8074adcddf63726e1a)] -> xpath: //input[@name='newsletter']]<br/>
clickOnPrivacy[[ChromeDriver: chrome on WINDOWS (9109c66c417ded8074adcddf63726e1a)] -> xpath: //div[@class = 'buttons']//input[@name='agree']]<br/>
clickFinalContinue[[ChromeDriver: chrome on WINDOWS (9109c66c417ded8074adcddf63726e1a)] -> xpath: //div[@class = 'buttons']//input[@value='Continue']]<br/>
clickOnContinueButton[[ChromeDriver: chrome on WINDOWS (9109c66c417ded8074adcddf63726e1a)] -> xpath: //a[contains(text(),'Continue')]]<br/>
clickOnMyAccountTab[[ChromeDriver: chrome on WINDOWS (9109c66c417ded8074adcddf63726e1a)] -> xpath: //span[contains(text(),'My Account')]]<br/>
getVerifyLogout[[ChromeDriver: chrome on WINDOWS (9109c66c417ded8074adcddf63726e1a)] -> xpath: //h1[contains(text(),'Account Logout')]]<br/>
clickOnContinueTab[[ChromeDriver: chrome on WINDOWS (9109c66c417ded8074adcddf63726e1a)] -> xpath: //a[contains(text(),'Continue')]]<br/>
Click to see screenshot<br/>
<a target = "_blank" href=C:\Users\USER\IdeaProjects\testng-week15-tutorialsninja-naresh/test-output/html/verifyThatUserRegisterAccountSuccessfullyTue_Dec_13_00_28_44_GMT_2022.jpg>Screenshot</a><br/>
<br><br/>
<br><br/>
<a target = "_blank" href=C:\Users\USER\IdeaProjects\testng-week15-tutorialsninja-naresh/test-output/html/verifyThatUserRegisterAccountSuccessfullyTue_Dec_13_00_28_44_GMT_2022.jpg><img src=C:\Users\USER\IdeaProjects\testng-week15-tutorialsninja-naresh/test-output/html/verifyThatUserRegisterAccountSuccessfullyTue_Dec_13_00_28_44_GMT_2022.jpg height=200 width=200></img></a><br/>
</div>
</td>
<td><div><pre>org.openqa.selenium.StaleElementReferenceException: stale element reference: element is not attached to the page document
  (Session info: chrome=108.0.5359.99)
For documentation on this error, please visit: https://selenium.dev/exceptions/#stale_element_reference
Build info: version: &apos;4.6.0&apos;, revision: &apos;79f1c02ae20&apos;
System info: os.name: &apos;Windows 10&apos;, os.arch: &apos;amd64&apos;, os.version: &apos;10.0&apos;, java.version: &apos;1.8.0_121&apos;
Driver info: org.openqa.selenium.chrome.ChromeDriver
Command: [9109c66c417ded8074adcddf63726e1a, clickElement {id=c91336aa-2433-44b9-9daa-bb674a7aebf8}]
Capabilities {acceptInsecureCerts: false, browserName: chrome, browserVersion: 108.0.5359.99, chrome: {chromedriverVersion: 108.0.5359.71 (1e0e3868ee06..., userDataDir: C:\Users\USER\AppData\Local...}, goog:chromeOptions: {debuggerAddress: localhost:57491}, networkConnectionEnabled: false, pageLoadStrategy: normal, platformName: WINDOWS, proxy: Proxy(), se:cdp: ws://localhost:57491/devtoo..., se:cdpVersion: 108.0.5359.99, setWindowRect: true, strictFileInteractability: false, timeouts: {implicit: 0, pageLoad: 300000, script: 30000}, unhandledPromptBehavior: dismiss and notify, webauthn:extension:credBlob: true, webauthn:extension:largeBlob: true, webauthn:virtualAuthenticators: true}
Element: [[ChromeDriver: chrome on WINDOWS (9109c66c417ded8074adcddf63726e1a)] -&gt; xpath: //a[contains(text(),&apos;Continue&apos;)]]
Session ID: 9109c66c417ded8074adcddf63726e1a
	at org.openqa.selenium.remote.codec.w3c.W3CHttpResponseCodec.createException(W3CHttpResponseCodec.java:200)
	at org.openqa.selenium.remote.codec.w3c.W3CHttpResponseCodec.decode(W3CHttpResponseCodec.java:133)
	at org.openqa.selenium.remote.codec.w3c.W3CHttpResponseCodec.decode(W3CHttpResponseCodec.java:53)
	at org.openqa.selenium.remote.HttpCommandExecutor.execute(HttpCommandExecutor.java:184)
	at org.openqa.selenium.remote.service.DriverCommandExecutor.invokeExecute(DriverCommandExecutor.java:167)
	at org.openqa.selenium.remote.service.DriverCommandExecutor.execute(DriverCommandExecutor.java:142)
	at org.openqa.selenium.remote.RemoteWebDriver.execute(RemoteWebDriver.java:541)
	at org.openqa.selenium.remote.RemoteWebElement.execute(RemoteWebElement.java:257)
	at org.openqa.selenium.remote.RemoteWebElement.click(RemoteWebElement.java:78)
	at org.openqa.selenium.support.pagefactory.internal.LocatingElementHandler.invoke(LocatingElementHandler.java:52)
	at com.sun.proxy.$Proxy16.click(Unknown Source)
	at com.tutorialsninja.utility.Utility.clickOnElement(Utility.java:50)
	at com.tutorialsninja.pages.MyAccount.clickOnContinueTab(MyAccount.java:181)
	at com.tutorialsninja.testsuite.MyAccountTest.verifyThatUserRegisterAccountSuccessfully(MyAccountTest.java:56)
	at java.util.ArrayList.forEach(ArrayList.java:1249)
	at com.intellij.rt.testng.IDEARemoteTestNG.run(IDEARemoteTestNG.java:66)
	at com.intellij.rt.testng.RemoteTestNGStarter.main(RemoteTestNGStarter.java:109)
... Removed 31 stack frames</pre></div><a href='#' onClick='toggleBox("stack-trace188909616", this, "Click to show all stack frames", "Click to hide stack frames")'>Click to show all stack frames</a>
<div class='stack-trace' id='stack-trace188909616'><pre>org.openqa.selenium.StaleElementReferenceException: stale element reference: element is not attached to the page document
  (Session info: chrome=108.0.5359.99)
For documentation on this error, please visit: https://selenium.dev/exceptions/#stale_element_reference
Build info: version: &apos;4.6.0&apos;, revision: &apos;79f1c02ae20&apos;
System info: os.name: &apos;Windows 10&apos;, os.arch: &apos;amd64&apos;, os.version: &apos;10.0&apos;, java.version: &apos;1.8.0_121&apos;
Driver info: org.openqa.selenium.chrome.ChromeDriver
Command: [9109c66c417ded8074adcddf63726e1a, clickElement {id=c91336aa-2433-44b9-9daa-bb674a7aebf8}]
Capabilities {acceptInsecureCerts: false, browserName: chrome, browserVersion: 108.0.5359.99, chrome: {chromedriverVersion: 108.0.5359.71 (1e0e3868ee06..., userDataDir: C:\Users\USER\AppData\Local...}, goog:chromeOptions: {debuggerAddress: localhost:57491}, networkConnectionEnabled: false, pageLoadStrategy: normal, platformName: WINDOWS, proxy: Proxy(), se:cdp: ws://localhost:57491/devtoo..., se:cdpVersion: 108.0.5359.99, setWindowRect: true, strictFileInteractability: false, timeouts: {implicit: 0, pageLoad: 300000, script: 30000}, unhandledPromptBehavior: dismiss and notify, webauthn:extension:credBlob: true, webauthn:extension:largeBlob: true, webauthn:virtualAuthenticators: true}
Element: [[ChromeDriver: chrome on WINDOWS (9109c66c417ded8074adcddf63726e1a)] -&gt; xpath: //a[contains(text(),&apos;Continue&apos;)]]
Session ID: 9109c66c417ded8074adcddf63726e1a
	at sun.reflect.NativeConstructorAccessorImpl.newInstance0(Native Method)
	at sun.reflect.NativeConstructorAccessorImpl.newInstance(NativeConstructorAccessorImpl.java:62)
	at sun.reflect.DelegatingConstructorAccessorImpl.newInstance(DelegatingConstructorAccessorImpl.java:45)
	at java.lang.reflect.Constructor.newInstance(Constructor.java:423)
	at org.openqa.selenium.remote.codec.w3c.W3CHttpResponseCodec.createException(W3CHttpResponseCodec.java:200)
	at org.openqa.selenium.remote.codec.w3c.W3CHttpResponseCodec.decode(W3CHttpResponseCodec.java:133)
	at org.openqa.selenium.remote.codec.w3c.W3CHttpResponseCodec.decode(W3CHttpResponseCodec.java:53)
	at org.openqa.selenium.remote.HttpCommandExecutor.execute(HttpCommandExecutor.java:184)
	at org.openqa.selenium.remote.service.DriverCommandExecutor.invokeExecute(DriverCommandExecutor.java:167)
	at org.openqa.selenium.remote.service.DriverCommandExecutor.execute(DriverCommandExecutor.java:142)
	at org.openqa.selenium.remote.RemoteWebDriver.execute(RemoteWebDriver.java:541)
	at org.openqa.selenium.remote.RemoteWebElement.execute(RemoteWebElement.java:257)
	at org.openqa.selenium.remote.RemoteWebElement.click(RemoteWebElement.java:78)
	at sun.reflect.GeneratedMethodAccessor2.invoke(Unknown Source)
	at sun.reflect.DelegatingMethodAccessorImpl.invoke(DelegatingMethodAccessorImpl.java:43)
	at java.lang.reflect.Method.invoke(Method.java:498)
	at org.openqa.selenium.support.pagefactory.internal.LocatingElementHandler.invoke(LocatingElementHandler.java:52)
	at com.sun.proxy.$Proxy16.click(Unknown Source)
	at com.tutorialsninja.utility.Utility.clickOnElement(Utility.java:50)
	at com.tutorialsninja.pages.MyAccount.clickOnContinueTab(MyAccount.java:181)
	at com.tutorialsninja.testsuite.MyAccountTest.verifyThatUserRegisterAccountSuccessfully(MyAccountTest.java:56)
	at sun.reflect.NativeMethodAccessorImpl.invoke0(Native Method)
	at sun.reflect.NativeMethodAccessorImpl.invoke(NativeMethodAccessorImpl.java:62)
	at sun.reflect.DelegatingMethodAccessorImpl.invoke(DelegatingMethodAccessorImpl.java:43)
	at java.lang.reflect.Method.invoke(Method.java:498)
	at org.testng.internal.invokers.MethodInvocationHelper.invokeMethod(MethodInvocationHelper.java:135)
	at org.testng.internal.invokers.TestInvoker.invokeMethod(TestInvoker.java:673)
	at org.testng.internal.invokers.TestInvoker.invokeTestMethod(TestInvoker.java:220)
	at org.testng.internal.invokers.MethodRunner.runInSequence(MethodRunner.java:50)
	at org.testng.internal.invokers.TestInvoker$MethodInvocationAgent.invoke(TestInvoker.java:945)
	at org.testng.internal.invokers.TestInvoker.invokeTestMethods(TestInvoker.java:193)
	at org.testng.internal.invokers.TestMethodWorker.invokeTestMethods(TestMethodWorker.java:146)
	at org.testng.internal.invokers.TestMethodWorker.run(TestMethodWorker.java:128)
	at java.util.ArrayList.forEach(ArrayList.java:1249)
	at org.testng.TestRunner.privateRun(TestRunner.java:808)
	at org.testng.TestRunner.run(TestRunner.java:603)
	at org.testng.SuiteRunner.runTest(SuiteRunner.java:429)
	at org.testng.SuiteRunner.runSequentially(SuiteRunner.java:423)
	at org.testng.SuiteRunner.privateRun(SuiteRunner.java:383)
	at org.testng.SuiteRunner.run(SuiteRunner.java:326)
	at org.testng.SuiteRunnerWorker.runSuite(SuiteRunnerWorker.java:52)
	at org.testng.SuiteRunnerWorker.run(SuiteRunnerWorker.java:95)
	at org.testng.TestNG.runSuitesSequentially(TestNG.java:1249)
	at org.testng.TestNG.runSuitesLocally(TestNG.java:1169)
	at org.testng.TestNG.runSuites(TestNG.java:1092)
	at org.testng.TestNG.run(TestNG.java:1060)
	at com.intellij.rt.testng.IDEARemoteTestNG.run(IDEARemoteTestNG.java:66)
	at com.intellij.rt.testng.RemoteTestNGStarter.main(RemoteTestNGStarter.java:109)
</pre></div></td>
<td>25</td>
<td>com.tutorialsninja.testsuite.MyAccountTest@1da51a35</td></tr>
</table><p>
<table width='100%' border='1' class='invocation-passed'>
<tr><td colspan='4' align='center'><b>PASSED TESTS</b></td></tr>
<tr><td><b>Test method</b></td>
<td width="30%"><b>Exception</b></td>
<td width="10%"><b>Time (seconds)</b></td>
<td><b>Instance</b></td>
</tr>
<tr>
<td title='com.tutorialsninja.testsuite.MyAccountTest.verifyThatUserShouldLoginAndLogoutSuccessfully()'><b>verifyThatUserShouldLoginAndLogoutSuccessfully</b><br>Test class: com.tutorialsninja.testsuite.MyAccountTest<br/>
<a href="#Output-1182463628" onClick='toggleBox("Output-1182463628", this, "Show output", "Hide output");'>Show output</a>

<a href="#Output-1182463628" onClick="toggleAllBoxes();">Show all outputs</a>
<div class='log' id="Output-1182463628">
clickonMyAccount[[ChromeDriver: chrome on WINDOWS (5c62076d4e776cf72dfd1bf25ed583fb)] -> xpath: //span[contains(text(),'My Account')]]<br/>
enterEmailAdd[[ChromeDriver: chrome on WINDOWS (5c62076d4e776cf72dfd1bf25ed583fb)] -> id: input-email]<br/>
enterPassword[[ChromeDriver: chrome on WINDOWS (5c62076d4e776cf72dfd1bf25ed583fb)] -> id: input-password]<br/>
clickOnMyAccountTab[[ChromeDriver: chrome on WINDOWS (5c62076d4e776cf72dfd1bf25ed583fb)] -> xpath: //span[contains(text(),'My Account')]]<br/>
clickOnContinueTab[[ChromeDriver: chrome on WINDOWS (5c62076d4e776cf72dfd1bf25ed583fb)] -> xpath: //a[contains(text(),'Continue')]]<br/>
Click to see screenshot<br/>
<a target = "_blank" href=C:\Users\USER\IdeaProjects\testng-week15-tutorialsninja-naresh/test-output/html/verifyThatUserShouldLoginAndLogoutSuccessfullyTue_Dec_13_00_28_50_GMT_2022.jpg>Screenshot</a><br/>
<br><br/>
<br><br/>
<a target = "_blank" href=C:\Users\USER\IdeaProjects\testng-week15-tutorialsninja-naresh/test-output/html/verifyThatUserShouldLoginAndLogoutSuccessfullyTue_Dec_13_00_28_50_GMT_2022.jpg><img src=C:\Users\USER\IdeaProjects\testng-week15-tutorialsninja-naresh/test-output/html/verifyThatUserShouldLoginAndLogoutSuccessfullyTue_Dec_13_00_28_50_GMT_2022.jpg height=200 width=200></img></a><br/>
</div>
</td>
<td></td>
<td>1</td>
<td>com.tutorialsninja.testsuite.MyAccountTest@1da51a35</td></tr>
<tr>
<td title='com.tutorialsninja.testsuite.HomePageTest.verifyUserShouldNavigateToComponentsPageSuccessfully()'><b>verifyUserShouldNavigateToComponentsPageSuccessfully</b><br>Test class: com.tutorialsninja.testsuite.HomePageTest<br/>
<a href="#Output-79283217" onClick='toggleBox("Output-79283217", this, "Show output", "Hide output");'>Show output</a>

<a href="#Output-79283217" onClick="toggleAllBoxes();">Show all outputs</a>
<div class='log' id="Output-79283217">
clickOnComponantsLink[[ChromeDriver: chrome on WINDOWS (f56277e429ef57bcb8a8977cfdeb3256)] -> link text: Components]<br/>
getVerifyText2[[ChromeDriver: chrome on WINDOWS (f56277e429ef57bcb8a8977cfdeb3256)] -> xpath: //h2[contains(text(),'Components')]]<br/>
Click to see screenshot<br/>
<a target = "_blank" href=C:\Users\USER\IdeaProjects\testng-week15-tutorialsninja-naresh/test-output/html/verifyUserShouldNavigateToComponentsPageSuccessfullyTue_Dec_13_00_27_07_GMT_2022.jpg>Screenshot</a><br/>
<br><br/>
<br><br/>
<a target = "_blank" href=C:\Users\USER\IdeaProjects\testng-week15-tutorialsninja-naresh/test-output/html/verifyUserShouldNavigateToComponentsPageSuccessfullyTue_Dec_13_00_27_07_GMT_2022.jpg><img src=C:\Users\USER\IdeaProjects\testng-week15-tutorialsninja-naresh/test-output/html/verifyUserShouldNavigateToComponentsPageSuccessfullyTue_Dec_13_00_27_07_GMT_2022.jpg height=200 width=200></img></a><br/>
</div>
</td>
<td></td>
<td>0</td>
<td>com.tutorialsninja.testsuite.HomePageTest@4ae82894</td></tr>
<tr>
<td title='com.tutorialsninja.testsuite.DesktopTest.verifyProductAddedToShoppingCartSuccessFully()'><b>verifyProductAddedToShoppingCartSuccessFully</b><br>Test class: com.tutorialsninja.testsuite.DesktopTest<br/>
<a href="#Output-2115087165" onClick='toggleBox("Output-2115087165", this, "Show output", "Hide output");'>Show output</a>

<a href="#Output-2115087165" onClick="toggleAllBoxes();">Show all outputs</a>
<div class='log' id="Output-2115087165">
clickOnCurrencyLink[[ChromeDriver: chrome on WINDOWS (c53f37ee1b41ecd19be87643150d9296)] -> xpath: //span[contains(text(),'Currency')]]<br/>
clickOnDesktopLink[[ChromeDriver: chrome on WINDOWS (c53f37ee1b41ecd19be87643150d9296)] -> link text: Desktops]<br/>
clickOnAllDesktop[[ChromeDriver: chrome on WINDOWS (c53f37ee1b41ecd19be87643150d9296)] -> xpath: //a[contains(text(),'Show All Desktops')]]<br/>
SortByNameZtoAfromDropdown[[ChromeDriver: chrome on WINDOWS (c53f37ee1b41ecd19be87643150d9296)] -> id: input-sort]<br/>
clickOnHPlp3065[[ChromeDriver: chrome on WINDOWS (c53f37ee1b41ecd19be87643150d9296)] -> xpath: //a[contains(text(),'HP LP3065')]]<br/>
getVerifyTextHp[[ChromeDriver: chrome on WINDOWS (c53f37ee1b41ecd19be87643150d9296)] -> xpath: //h1[contains(text(),'HP LP3065')]]<br/>
clickOnAdToCart[[ChromeDriver: chrome on WINDOWS (c53f37ee1b41ecd19be87643150d9296)] -> xpath: //button[@id='button-cart']]<br/>
getVerifyMessage[[ChromeDriver: chrome on WINDOWS (c53f37ee1b41ecd19be87643150d9296)] -> css selector: body:nth-child(2) div.container:nth-child(4) > div.alert.alert-success.alert-dismissible]<br/>
clickOnShppingCart[[ChromeDriver: chrome on WINDOWS (c53f37ee1b41ecd19be87643150d9296)] -> xpath: //a[contains(text(),'shopping cart')]]<br/>
getVerifyShoppingCart[[ChromeDriver: chrome on WINDOWS (c53f37ee1b41ecd19be87643150d9296)] -> xpath: //div[@id='content']//h1]<br/>
getVerifyProductNam[[ChromeDriver: chrome on WINDOWS (c53f37ee1b41ecd19be87643150d9296)] -> xpath: //div[@class = 'table-responsive']/table/tbody/tr/td[2]/a]<br/>
getVerifyMode[[ChromeDriver: chrome on WINDOWS (c53f37ee1b41ecd19be87643150d9296)] -> xpath: //div[@class = 'table-responsive']/table/tbody/tr/td[3]]<br/>
getVerifyTotal[[ChromeDriver: chrome on WINDOWS (c53f37ee1b41ecd19be87643150d9296)] -> xpath: //div[@class = 'table-responsive']/table/tbody/tr/td[6]]<br/>
Click to see screenshot<br/>
<a target = "_blank" href=C:\Users\USER\IdeaProjects\testng-week15-tutorialsninja-naresh/test-output/html/verifyProductAddedToShoppingCartSuccessFullyTue_Dec_13_00_27_02_GMT_2022.jpg>Screenshot</a><br/>
<br><br/>
<br><br/>
<a target = "_blank" href=C:\Users\USER\IdeaProjects\testng-week15-tutorialsninja-naresh/test-output/html/verifyProductAddedToShoppingCartSuccessFullyTue_Dec_13_00_27_02_GMT_2022.jpg><img src=C:\Users\USER\IdeaProjects\testng-week15-tutorialsninja-naresh/test-output/html/verifyProductAddedToShoppingCartSuccessFullyTue_Dec_13_00_27_02_GMT_2022.jpg height=200 width=200></img></a><br/>
</div>
</td>
<td></td>
<td>20</td>
<td>com.tutorialsninja.testsuite.DesktopTest@47db50c5</td></tr>
<tr>
<td title='com.tutorialsninja.testsuite.HomePageTest.verifyUserShouldNavigateToLaptopsAndNotebooksPageSuccessfully()'><b>verifyUserShouldNavigateToLaptopsAndNotebooksPageSuccessfully</b><br>Test class: com.tutorialsninja.testsuite.HomePageTest<br/>
<a href="#Output-1416549024" onClick='toggleBox("Output-1416549024", this, "Show output", "Hide output");'>Show output</a>

<a href="#Output-1416549024" onClick="toggleAllBoxes();">Show all outputs</a>
<div class='log' id="Output-1416549024">
clickOnLaptopNotebooksLink[[ChromeDriver: chrome on WINDOWS (9f2614c04012ce8282dd29e15f967ca6)] -> link text: Laptops & Notebooks]<br/>
getVerifyText1[[ChromeDriver: chrome on WINDOWS (9f2614c04012ce8282dd29e15f967ca6)] -> xpath: //h2[contains(text(),'Laptops & Notebooks')]]<br/>
Click to see screenshot<br/>
<a target = "_blank" href=C:\Users\USER\IdeaProjects\testng-week15-tutorialsninja-naresh/test-output/html/verifyUserShouldNavigateToLaptopsAndNotebooksPageSuccessfullyTue_Dec_13_00_27_12_GMT_2022.jpg>Screenshot</a><br/>
<br><br/>
<br><br/>
<a target = "_blank" href=C:\Users\USER\IdeaProjects\testng-week15-tutorialsninja-naresh/test-output/html/verifyUserShouldNavigateToLaptopsAndNotebooksPageSuccessfullyTue_Dec_13_00_27_12_GMT_2022.jpg><img src=C:\Users\USER\IdeaProjects\testng-week15-tutorialsninja-naresh/test-output/html/verifyUserShouldNavigateToLaptopsAndNotebooksPageSuccessfullyTue_Dec_13_00_27_12_GMT_2022.jpg height=200 width=200></img></a><br/>
</div>
</td>
<td></td>
<td>0</td>
<td>com.tutorialsninja.testsuite.HomePageTest@4ae82894</td></tr>
</table><p>
</body>
</html>