<?xml version="1.0" encoding="UTF-8"?>
<!-- Generated by org.testng.reporters.JUnitReportReporter -->
<testsuite skipped="0" hostname="DESKTOP-LSKACAV" name="com.tutorialsninja.testsuite.LaptopsAndNotebookTest" tests="2" failures="0" timestamp="2022-12-13T00:41:37 GMT" time="66.302" errors="1">
  <testcase name="verifyProductsPriceDisplayHighToLowSuccessfully" time="5.792" classname="com.tutorialsninja.testsuite.LaptopsAndNotebookTest"/>
  <system-out>
    <![CDATA[clickOnAllLaptopAndNotebooksLink[[ChromeDriver: chrome on WINDOWS (14d4e7b89a16696cdc34840fa74d4c54)] -> link text: Show All Laptops & Notebooks]
Click to see screenshot
<a target = "_blank" href=C:\Users\USER\IdeaProjects\testng-week15-tutorialsninja-naresh/test-output/html/verifyProductsPriceDisplayHighToLowSuccessfullyTue_Dec_13_00_39_27_GMT_2022.jpg>Screenshot</a>
<br>
<br>
<a target = "_blank" href=C:\Users\USER\IdeaProjects\testng-week15-tutorialsninja-naresh/test-output/html/verifyProductsPriceDisplayHighToLowSuccessfullyTue_Dec_13_00_39_27_GMT_2022.jpg><img src=C:\Users\USER\IdeaProjects\testng-week15-tutorialsninja-naresh/test-output/html/verifyProductsPriceDisplayHighToLowSuccessfullyTue_Dec_13_00_39_27_GMT_2022.jpg height=200 width=200></img></a>]]>
  </system-out>
  <testcase name="verifyThatUserPlaceOrderSuccessfully" time="60.510" classname="com.tutorialsninja.testsuite.LaptopsAndNotebookTest">
    <error type="org.openqa.selenium.NoSuchElementException" message="no such element: Unable to locate element: {&quot;method&quot;:&quot;xpath&quot;,&quot;selector&quot;:&quot;//textarea[@name=&#039;comment&#039;]&quot;}
  (Session info: chrome=108.0.5359.99)
For documentation on this error, please visit: https://selenium.dev/exceptions/#no_such_element
Build info: version: &#039;4.6.0&#039;, revision: &#039;79f1c02ae20&#039;
System info: os.name: &#039;Windows 10&#039;, os.arch: &#039;amd64&#039;, os.version: &#039;10.0&#039;, java.version: &#039;1.8.0_121&#039;
Driver info: org.openqa.selenium.chrome.ChromeDriver
Command: [fc9b20e4f70390e2fef0607b0fd255e5, findElement {using=xpath, value=//textarea[@name=&#039;comment&#039;]}]
Capabilities {acceptInsecureCerts: false, browserName: chrome, browserVersion: 108.0.5359.99, chrome: {chromedriverVersion: 108.0.5359.71 (1e0e3868ee06..., userDataDir: C:\Users\USER\AppData\Local...}, goog:chromeOptions: {debuggerAddress: localhost:58173}, networkConnectionEnabled: false, pageLoadStrategy: normal, platformName: WINDOWS, proxy: Proxy(), se:cdp: ws://localhost:58173/devtoo..., se:cdpVersion: 108.0.5359.99, setWindowRect: true, strictFileInteractability: false, timeouts: {implicit: 0, pageLoad: 300000, script: 30000}, unhandledPromptBehavior: dismiss and notify, webauthn:extension:credBlob: true, webauthn:extension:largeBlob: true, webauthn:virtualAuthenticators: true}
Session ID: fc9b20e4f70390e2fef0607b0fd255e5">
      <![CDATA[org.openqa.selenium.NoSuchElementException: no such element: Unable to locate element: {"method":"xpath","selector":"//textarea[@name='comment']"}
  (Session info: chrome=108.0.5359.99)
For documentation on this error, please visit: https://selenium.dev/exceptions/#no_such_element
Build info: version: '4.6.0', revision: '79f1c02ae20'
System info: os.name: 'Windows 10', os.arch: 'amd64', os.version: '10.0', java.version: '1.8.0_121'
Driver info: org.openqa.selenium.chrome.ChromeDriver
Command: [fc9b20e4f70390e2fef0607b0fd255e5, findElement {using=xpath, value=//textarea[@name='comment']}]
Capabilities {acceptInsecureCerts: false, browserName: chrome, browserVersion: 108.0.5359.99, chrome: {chromedriverVersion: 108.0.5359.71 (1e0e3868ee06..., userDataDir: C:\Users\USER\AppData\Local...}, goog:chromeOptions: {debuggerAddress: localhost:58173}, networkConnectionEnabled: false, pageLoadStrategy: normal, platformName: WINDOWS, proxy: Proxy(), se:cdp: ws://localhost:58173/devtoo..., se:cdpVersion: 108.0.5359.99, setWindowRect: true, strictFileInteractability: false, timeouts: {implicit: 0, pageLoad: 300000, script: 30000}, unhandledPromptBehavior: dismiss and notify, webauthn:extension:credBlob: true, webauthn:extension:largeBlob: true, webauthn:virtualAuthenticators: true}
Session ID: fc9b20e4f70390e2fef0607b0fd255e5
at sun.reflect.NativeConstructorAccessorImpl.newInstance0(Native Method)
at sun.reflect.NativeConstructorAccessorImpl.newInstance(NativeConstructorAccessorImpl.java:62)
at sun.reflect.DelegatingConstructorAccessorImpl.newInstance(DelegatingConstructorAccessorImpl.java:45)
at java.lang.reflect.Constructor.newInstance(Constructor.java:423)
at org.openqa.selenium.remote.codec.w3c.W3CHttpResponseCodec.createException(W3CHttpResponseCodec.java:200)
at org.openqa.selenium.remote.codec.w3c.W3CHttpResponseCodec.decode(W3CHttpResponseCodec.java:133)
at org.openqa.selenium.remote.codec.w3c.W3CHttpResponseCodec.decode(W3CHttpResponseCodec.java:53)
at org.openqa.selenium.remote.HttpCommandExecutor.execute(HttpCommandExecutor.java:184)
at org.openqa.selenium.remote.service.DriverCommandExecutor.invokeExecute(DriverCommandExecutor.java:167)
at org.openqa.selenium.remote.service.DriverCommandExecutor.execute(DriverCommandExecutor.java:142)
at org.openqa.selenium.remote.RemoteWebDriver.execute(RemoteWebDriver.java:541)
at org.openqa.selenium.remote.ElementLocation$ElementFinder$2.findElement(ElementLocation.java:162)
at org.openqa.selenium.remote.ElementLocation.findElement(ElementLocation.java:60)
at org.openqa.selenium.remote.RemoteWebDriver.findElement(RemoteWebDriver.java:365)
at org.openqa.selenium.remote.RemoteWebDriver.findElement(RemoteWebDriver.java:357)
at org.openqa.selenium.support.pagefactory.DefaultElementLocator.findElement(DefaultElementLocator.java:70)
at org.openqa.selenium.support.pagefactory.internal.LocatingElementHandler.invoke(LocatingElementHandler.java:39)
at com.sun.proxy.$Proxy16.sendKeys(Unknown Source)
at com.tutorialsninja.utility.Utility.sendTextToElement(Utility.java:72)
at com.tutorialsninja.pages.LaptopsAndNotebooks.enterText(LaptopsAndNotebooks.java:340)
at com.tutorialsninja.testsuite.LaptopsAndNotebookTest.verifyThatUserPlaceOrderSuccessfully(LaptopsAndNotebookTest.java:73)
at sun.reflect.NativeMethodAccessorImpl.invoke0(Native Method)
at sun.reflect.NativeMethodAccessorImpl.invoke(NativeMethodAccessorImpl.java:62)
at sun.reflect.DelegatingMethodAccessorImpl.invoke(DelegatingMethodAccessorImpl.java:43)
at java.lang.reflect.Method.invoke(Method.java:498)
at org.testng.internal.invokers.MethodInvocationHelper.invokeMethod(MethodInvocationHelper.java:135)
at org.testng.internal.invokers.TestInvoker.invokeMethod(TestInvoker.java:673)
at org.testng.internal.invokers.TestInvoker.invokeTestMethod(TestInvoker.java:220)
at org.testng.internal.invokers.MethodRunner.runInSequence(MethodRunner.java:50)
at org.testng.internal.invokers.TestInvoker$MethodInvocationAgent.invoke(TestInvoker.java:945)
at org.testng.internal.invokers.TestInvoker.invokeTestMethods(TestInvoker.java:193)
at org.testng.internal.invokers.TestMethodWorker.invokeTestMethods(TestMethodWorker.java:146)
at org.testng.internal.invokers.TestMethodWorker.run(TestMethodWorker.java:128)
at java.util.ArrayList.forEach(ArrayList.java:1249)
at org.testng.TestRunner.privateRun(TestRunner.java:808)
at org.testng.TestRunner.run(TestRunner.java:603)
at org.testng.SuiteRunner.runTest(SuiteRunner.java:429)
at org.testng.SuiteRunner.runSequentially(SuiteRunner.java:423)
at org.testng.SuiteRunner.privateRun(SuiteRunner.java:383)
at org.testng.SuiteRunner.run(SuiteRunner.java:326)
at org.testng.SuiteRunnerWorker.runSuite(SuiteRunnerWorker.java:52)
at org.testng.SuiteRunnerWorker.run(SuiteRunnerWorker.java:95)
at org.testng.TestNG.runSuitesSequentially(TestNG.java:1249)
at org.testng.TestNG.runSuitesLocally(TestNG.java:1169)
at org.testng.TestNG.runSuites(TestNG.java:1092)
at org.testng.TestNG.run(TestNG.java:1060)
at com.intellij.rt.testng.IDEARemoteTestNG.run(IDEARemoteTestNG.java:66)
at com.intellij.rt.testng.RemoteTestNGStarter.main(RemoteTestNGStarter.java:109)
]]>
    </error>
  </testcase> <!-- verifyThatUserPlaceOrderSuccessfully -->
  <system-out>
    <![CDATA[clickOnAllLaptopAndNotebooksLink[[ChromeDriver: chrome on WINDOWS (fc9b20e4f70390e2fef0607b0fd255e5)] -> link text: Show All Laptops & Notebooks]
sortByPriceHighToLowfromDropdown[[ChromeDriver: chrome on WINDOWS (fc9b20e4f70390e2fef0607b0fd255e5)] -> id: input-sort]
clickOnMacbookLink[[ChromeDriver: chrome on WINDOWS (fc9b20e4f70390e2fef0607b0fd255e5)] -> link text: MacBook]
getVerifyMacbook[[ChromeDriver: chrome on WINDOWS (fc9b20e4f70390e2fef0607b0fd255e5)] -> link text: MacBook]
clickOnAddToCart[[ChromeDriver: chrome on WINDOWS (fc9b20e4f70390e2fef0607b0fd255e5)] -> xpath: //button[@id='button-cart']]
getVerifySuccess[[ChromeDriver: chrome on WINDOWS (fc9b20e4f70390e2fef0607b0fd255e5)] -> xpath: //div[@class='alert alert-success alert-dismissible']]
clickOnShoppingCart[[ChromeDriver: chrome on WINDOWS (fc9b20e4f70390e2fef0607b0fd255e5)] -> xpath: //button[@id='button-cart']]
getVerifyProductMacbook[[ChromeDriver: chrome on WINDOWS (fc9b20e4f70390e2fef0607b0fd255e5)] -> xpath: //div[@id='content']//h1]
sendTextToQuantityField[[ChromeDriver: chrome on WINDOWS (fc9b20e4f70390e2fef0607b0fd255e5)] -> xpath: //input[contains(@name, 'quantity')]]
clickOnCheckoutCart[[ChromeDriver: chrome on WINDOWS (fc9b20e4f70390e2fef0607b0fd255e5)] -> xpath: //header/div[1]/div[1]/div[3]/div[1]/button[1]]
clickOnFinalCheckout[[ChromeDriver: chrome on WINDOWS (fc9b20e4f70390e2fef0607b0fd255e5)] -> xpath: //body[1]/header[1]/div[1]/div[1]/div[3]/div[1]/ul[1]/li[2]/div[1]/p[1]/a[2]/strong[1]]
getVerifyCheckout[[ChromeDriver: chrome on WINDOWS (fc9b20e4f70390e2fef0607b0fd255e5)] -> xpath: //a[contains(text(),'Checkout')]]
getVerifyNewCustomer[[ChromeDriver: chrome on WINDOWS (fc9b20e4f70390e2fef0607b0fd255e5)] -> xpath: //div[@class='col-sm-6']//h2]
clickOnGuestCheckout[[ChromeDriver: chrome on WINDOWS (fc9b20e4f70390e2fef0607b0fd255e5)] -> xpath: //label[text()[normalize-space()='Guest Checkout']]]
clickOnContinueTab[[ChromeDriver: chrome on WINDOWS (fc9b20e4f70390e2fef0607b0fd255e5)] -> xpath: //input[@id='button-account']]
enterNam[[ChromeDriver: chrome on WINDOWS (fc9b20e4f70390e2fef0607b0fd255e5)] -> name: firstname]
enterLastName[[ChromeDriver: chrome on WINDOWS (fc9b20e4f70390e2fef0607b0fd255e5)] -> name: lastname]
enterEmail[[ChromeDriver: chrome on WINDOWS (fc9b20e4f70390e2fef0607b0fd255e5)] -> id: input-payment-email]
enterTelephone[[ChromeDriver: chrome on WINDOWS (fc9b20e4f70390e2fef0607b0fd255e5)] -> name: telephone]
enterAddress[[ChromeDriver: chrome on WINDOWS (fc9b20e4f70390e2fef0607b0fd255e5)] -> name: address_1]
enterCity[[ChromeDriver: chrome on WINDOWS (fc9b20e4f70390e2fef0607b0fd255e5)] -> name: city]
enterPostcode[[ChromeDriver: chrome on WINDOWS (fc9b20e4f70390e2fef0607b0fd255e5)] -> name: postcode]
enterCountry[[ChromeDriver: chrome on WINDOWS (fc9b20e4f70390e2fef0607b0fd255e5)] -> id: input-payment-country]
enterState[[ChromeDriver: chrome on WINDOWS (fc9b20e4f70390e2fef0607b0fd255e5)] -> xpath: //select[@id='input-payment-zone']]
clickOnCheckout[[ChromeDriver: chrome on WINDOWS (fc9b20e4f70390e2fef0607b0fd255e5)] -> xpath: (//input[@value='Continue'])[2]]
enterTextProxy element for: DefaultElementLocator 'By.xpath: //textarea[@name='comment']'
Click to see screenshot
<a target = "_blank" href=C:\Users\USER\IdeaProjects\testng-week15-tutorialsninja-naresh/test-output/html/verifyThatUserPlaceOrderSuccessfullyTue_Dec_13_00_40_28_GMT_2022.jpg>Screenshot</a>
<br>
<br>
<a target = "_blank" href=C:\Users\USER\IdeaProjects\testng-week15-tutorialsninja-naresh/test-output/html/verifyThatUserPlaceOrderSuccessfullyTue_Dec_13_00_40_28_GMT_2022.jpg><img src=C:\Users\USER\IdeaProjects\testng-week15-tutorialsninja-naresh/test-output/html/verifyThatUserPlaceOrderSuccessfullyTue_Dec_13_00_40_28_GMT_2022.jpg height=200 width=200></img></a>]]>
  </system-out>
</testsuite> <!-- com.tutorialsninja.testsuite.LaptopsAndNotebookTest -->
