<?xml version="1.0" encoding="UTF-8"?>
<!-- Generated by org.testng.reporters.JUnitReportReporter -->
<testsuite skipped="0" hostname="DESKTOP-LSKACAV" name="com.tutorialsninja.testsuite.MyAccountTest" tests="4" failures="0" timestamp="2022-12-13T00:41:37 GMT" time="66.259" errors="1">
  <testcase name="verifyThatUserShouldLoginAndLogoutSuccessfully" time="6.037" classname="com.tutorialsninja.testsuite.MyAccountTest"/>
  <system-out>
    <![CDATA[clickonMyAccount[[ChromeDriver: chrome on WINDOWS (064ba8fe67237017ba43c0156ab800a6)] -> xpath: //span[contains(text(),'My Account')]]
enterEmailAdd[[ChromeDriver: chrome on WINDOWS (064ba8fe67237017ba43c0156ab800a6)] -> id: input-email]
enterPassword[[ChromeDriver: chrome on WINDOWS (064ba8fe67237017ba43c0156ab800a6)] -> id: input-password]
clickOnMyAccountTab[[ChromeDriver: chrome on WINDOWS (064ba8fe67237017ba43c0156ab800a6)] -> xpath: //span[contains(text(),'My Account')]]
clickOnContinueTab[[ChromeDriver: chrome on WINDOWS (064ba8fe67237017ba43c0156ab800a6)] -> xpath: //a[contains(text(),'Continue')]]
Click to see screenshot
<a target = "_blank" href=C:\Users\USER\IdeaProjects\testng-week15-tutorialsninja-naresh/test-output/html/verifyThatUserShouldLoginAndLogoutSuccessfullyTue_Dec_13_00_41_05_GMT_2022.jpg>Screenshot</a>
<br>
<br>
<a target = "_blank" href=C:\Users\USER\IdeaProjects\testng-week15-tutorialsninja-naresh/test-output/html/verifyThatUserShouldLoginAndLogoutSuccessfullyTue_Dec_13_00_41_05_GMT_2022.jpg><img src=C:\Users\USER\IdeaProjects\testng-week15-tutorialsninja-naresh/test-output/html/verifyThatUserShouldLoginAndLogoutSuccessfullyTue_Dec_13_00_41_05_GMT_2022.jpg height=200 width=200></img></a>]]>
  </system-out>
  <testcase name="verifyUserShouldNavigateToLoginPageSuccessfully" time="4.549" classname="com.tutorialsninja.testsuite.MyAccountTest"/>
  <system-out>
    <![CDATA[clickonMyAccount[[ChromeDriver: chrome on WINDOWS (3d0ca5bd1c6760cb94b9b76dddb2782e)] -> xpath: //span[contains(text(),'My Account')]]
getVerifyReturning[[ChromeDriver: chrome on WINDOWS (3d0ca5bd1c6760cb94b9b76dddb2782e)] -> xpath: //h2[contains(text(),'Returning Customer')]]
Click to see screenshot
<a target = "_blank" href=C:\Users\USER\IdeaProjects\testng-week15-tutorialsninja-naresh/test-output/html/verifyUserShouldNavigateToLoginPageSuccessfullyTue_Dec_13_00_41_10_GMT_2022.jpg>Screenshot</a>
<br>
<br>
<a target = "_blank" href=C:\Users\USER\IdeaProjects\testng-week15-tutorialsninja-naresh/test-output/html/verifyUserShouldNavigateToLoginPageSuccessfullyTue_Dec_13_00_41_10_GMT_2022.jpg><img src=C:\Users\USER\IdeaProjects\testng-week15-tutorialsninja-naresh/test-output/html/verifyUserShouldNavigateToLoginPageSuccessfullyTue_Dec_13_00_41_10_GMT_2022.jpg height=200 width=200></img></a>]]>
  </system-out>
  <testcase name="verifyThatUserRegisterAccountSuccessfully" time="30.179" classname="com.tutorialsninja.testsuite.MyAccountTest">
    <error type="org.openqa.selenium.StaleElementReferenceException" message="stale element reference: element is not attached to the page document
  (Session info: chrome=108.0.5359.99)
For documentation on this error, please visit: https://selenium.dev/exceptions/#stale_element_reference
Build info: version: &#039;4.6.0&#039;, revision: &#039;79f1c02ae20&#039;
System info: os.name: &#039;Windows 10&#039;, os.arch: &#039;amd64&#039;, os.version: &#039;10.0&#039;, java.version: &#039;1.8.0_121&#039;
Driver info: org.openqa.selenium.chrome.ChromeDriver
Command: [b213698c5e8873da0f58677f83d8fa73, clickElement {id=b3363523-b323-4ea3-8ccf-df370529fa40}]
Capabilities {acceptInsecureCerts: false, browserName: chrome, browserVersion: 108.0.5359.99, chrome: {chromedriverVersion: 108.0.5359.71 (1e0e3868ee06..., userDataDir: C:\Users\USER\AppData\Local...}, goog:chromeOptions: {debuggerAddress: localhost:58243}, networkConnectionEnabled: false, pageLoadStrategy: normal, platformName: WINDOWS, proxy: Proxy(), se:cdp: ws://localhost:58243/devtoo..., se:cdpVersion: 108.0.5359.99, setWindowRect: true, strictFileInteractability: false, timeouts: {implicit: 0, pageLoad: 300000, script: 30000}, unhandledPromptBehavior: dismiss and notify, webauthn:extension:credBlob: true, webauthn:extension:largeBlob: true, webauthn:virtualAuthenticators: true}
Element: [[ChromeDriver: chrome on WINDOWS (b213698c5e8873da0f58677f83d8fa73)] -&gt; xpath: //a[contains(text(),&#039;Continue&#039;)]]
Session ID: b213698c5e8873da0f58677f83d8fa73">
      <![CDATA[org.openqa.selenium.StaleElementReferenceException: stale element reference: element is not attached to the page document
  (Session info: chrome=108.0.5359.99)
For documentation on this error, please visit: https://selenium.dev/exceptions/#stale_element_reference
Build info: version: '4.6.0', revision: '79f1c02ae20'
System info: os.name: 'Windows 10', os.arch: 'amd64', os.version: '10.0', java.version: '1.8.0_121'
Driver info: org.openqa.selenium.chrome.ChromeDriver
Command: [b213698c5e8873da0f58677f83d8fa73, clickElement {id=b3363523-b323-4ea3-8ccf-df370529fa40}]
Capabilities {acceptInsecureCerts: false, browserName: chrome, browserVersion: 108.0.5359.99, chrome: {chromedriverVersion: 108.0.5359.71 (1e0e3868ee06..., userDataDir: C:\Users\USER\AppData\Local...}, goog:chromeOptions: {debuggerAddress: localhost:58243}, networkConnectionEnabled: false, pageLoadStrategy: normal, platformName: WINDOWS, proxy: Proxy(), se:cdp: ws://localhost:58243/devtoo..., se:cdpVersion: 108.0.5359.99, setWindowRect: true, strictFileInteractability: false, timeouts: {implicit: 0, pageLoad: 300000, script: 30000}, unhandledPromptBehavior: dismiss and notify, webauthn:extension:credBlob: true, webauthn:extension:largeBlob: true, webauthn:virtualAuthenticators: true}
Element: [[ChromeDriver: chrome on WINDOWS (b213698c5e8873da0f58677f83d8fa73)] -> xpath: //a[contains(text(),'Continue')]]
Session ID: b213698c5e8873da0f58677f83d8fa73
at sun.reflect.NativeConstructorAccessorImpl.newInstance0(Native Method)
at sun.reflect.NativeConstructorAccessorImpl.newInstance(NativeConstructorAccessorImpl.java:62)
at sun.reflect.DelegatingConstructorAccessorImpl.newInstance(DelegatingConstructorAccessorImpl.java:45)
at java.lang.reflect.Constructor.newInstance(Constructor.java:423)
at org.openqa.selenium.remote.codec.w3c.W3CHttpResponseCodec.createException(W3CHttpResponseCodec.java:200)
at org.openqa.selenium.remote.codec.w3c.W3CHttpResponseCodec.decode(W3CHttpResponseCodec.java:133)
at org.openqa.selenium.remote.codec.w3c.W3CHttpResponseCodec.decode(W3CHttpResponseCodec.java:53)
at org.openqa.selenium.remote.HttpCommandExecutor.execute(HttpCommandExecutor.java:184)
at org.openqa.selenium.remote.service.DriverCommandExecutor.invokeExecute(DriverCommandExecutor.java:167)
at org.openqa.selenium.remote.service.DriverCommandExecutor.execute(DriverCommandExecutor.java:142)
at org.openqa.selenium.remote.RemoteWebDriver.execute(RemoteWebDriver.java:541)
at org.openqa.selenium.remote.RemoteWebElement.execute(RemoteWebElement.java:257)
at org.openqa.selenium.remote.RemoteWebElement.click(RemoteWebElement.java:78)
at sun.reflect.GeneratedMethodAccessor2.invoke(Unknown Source)
at sun.reflect.DelegatingMethodAccessorImpl.invoke(DelegatingMethodAccessorImpl.java:43)
at java.lang.reflect.Method.invoke(Method.java:498)
at org.openqa.selenium.support.pagefactory.internal.LocatingElementHandler.invoke(LocatingElementHandler.java:52)
at com.sun.proxy.$Proxy16.click(Unknown Source)
at com.tutorialsninja.utility.Utility.clickOnElement(Utility.java:50)
at com.tutorialsninja.pages.MyAccount.clickOnContinueTab(MyAccount.java:181)
at com.tutorialsninja.testsuite.MyAccountTest.verifyThatUserRegisterAccountSuccessfully(MyAccountTest.java:56)
at sun.reflect.NativeMethodAccessorImpl.invoke0(Native Method)
at sun.reflect.NativeMethodAccessorImpl.invoke(NativeMethodAccessorImpl.java:62)
at sun.reflect.DelegatingMethodAccessorImpl.invoke(DelegatingMethodAccessorImpl.java:43)
at java.lang.reflect.Method.invoke(Method.java:498)
at org.testng.internal.invokers.MethodInvocationHelper.invokeMethod(MethodInvocationHelper.java:135)
at org.testng.internal.invokers.TestInvoker.invokeMethod(TestInvoker.java:673)
at org.testng.internal.invokers.TestInvoker.invokeTestMethod(TestInvoker.java:220)
at org.testng.internal.invokers.MethodRunner.runInSequence(MethodRunner.java:50)
at org.testng.internal.invokers.TestInvoker$MethodInvocationAgent.invoke(TestInvoker.java:945)
at org.testng.internal.invokers.TestInvoker.invokeTestMethods(TestInvoker.java:193)
at org.testng.internal.invokers.TestMethodWorker.invokeTestMethods(TestMethodWorker.java:146)
at org.testng.internal.invokers.TestMethodWorker.run(TestMethodWorker.java:128)
at java.util.ArrayList.forEach(ArrayList.java:1249)
at org.testng.TestRunner.privateRun(TestRunner.java:808)
at org.testng.TestRunner.run(TestRunner.java:603)
at org.testng.SuiteRunner.runTest(SuiteRunner.java:429)
at org.testng.SuiteRunner.runSequentially(SuiteRunner.java:423)
at org.testng.SuiteRunner.privateRun(SuiteRunner.java:383)
at org.testng.SuiteRunner.run(SuiteRunner.java:326)
at org.testng.SuiteRunnerWorker.runSuite(SuiteRunnerWorker.java:52)
at org.testng.SuiteRunnerWorker.run(SuiteRunnerWorker.java:95)
at org.testng.TestNG.runSuitesSequentially(TestNG.java:1249)
at org.testng.TestNG.runSuitesLocally(TestNG.java:1169)
at org.testng.TestNG.runSuites(TestNG.java:1092)
at org.testng.TestNG.run(TestNG.java:1060)
at com.intellij.rt.testng.IDEARemoteTestNG.run(IDEARemoteTestNG.java:66)
at com.intellij.rt.testng.RemoteTestNGStarter.main(RemoteTestNGStarter.java:109)
]]>
    </error>
  </testcase> <!-- verifyThatUserRegisterAccountSuccessfully -->
  <system-out>
    <![CDATA[clickonMyAccount[[ChromeDriver: chrome on WINDOWS (b213698c5e8873da0f58677f83d8fa73)] -> xpath: //span[contains(text(),'My Account')]]
enterFirstName[[ChromeDriver: chrome on WINDOWS (b213698c5e8873da0f58677f83d8fa73)] -> id: input-firstname]
enterLastName[[ChromeDriver: chrome on WINDOWS (b213698c5e8873da0f58677f83d8fa73)] -> id: input-lastname]
enterEmailAdd[[ChromeDriver: chrome on WINDOWS (b213698c5e8873da0f58677f83d8fa73)] -> id: input-email]
enterPhoneBy.id: input-telephone
enterPassword[[ChromeDriver: chrome on WINDOWS (b213698c5e8873da0f58677f83d8fa73)] -> id: input-password]
enterConfirmPass[[ChromeDriver: chrome on WINDOWS (b213698c5e8873da0f58677f83d8fa73)] -> id: input-confirm]
clickYesonNewsLetter[[ChromeDriver: chrome on WINDOWS (b213698c5e8873da0f58677f83d8fa73)] -> xpath: //input[@name='newsletter']]
clickOnPrivacy[[ChromeDriver: chrome on WINDOWS (b213698c5e8873da0f58677f83d8fa73)] -> xpath: //div[@class = 'buttons']//input[@name='agree']]
clickFinalContinue[[ChromeDriver: chrome on WINDOWS (b213698c5e8873da0f58677f83d8fa73)] -> xpath: //div[@class = 'buttons']//input[@value='Continue']]
clickOnContinueButton[[ChromeDriver: chrome on WINDOWS (b213698c5e8873da0f58677f83d8fa73)] -> xpath: //a[contains(text(),'Continue')]]
clickOnMyAccountTab[[ChromeDriver: chrome on WINDOWS (b213698c5e8873da0f58677f83d8fa73)] -> xpath: //span[contains(text(),'My Account')]]
getVerifyLogout[[ChromeDriver: chrome on WINDOWS (b213698c5e8873da0f58677f83d8fa73)] -> xpath: //h1[contains(text(),'Account Logout')]]
clickOnContinueTab[[ChromeDriver: chrome on WINDOWS (b213698c5e8873da0f58677f83d8fa73)] -> xpath: //a[contains(text(),'Continue')]]
Click to see screenshot
<a target = "_blank" href=C:\Users\USER\IdeaProjects\testng-week15-tutorialsninja-naresh/test-output/html/verifyThatUserRegisterAccountSuccessfullyTue_Dec_13_00_40_58_GMT_2022.jpg>Screenshot</a>
<br>
<br>
<a target = "_blank" href=C:\Users\USER\IdeaProjects\testng-week15-tutorialsninja-naresh/test-output/html/verifyThatUserRegisterAccountSuccessfullyTue_Dec_13_00_40_58_GMT_2022.jpg><img src=C:\Users\USER\IdeaProjects\testng-week15-tutorialsninja-naresh/test-output/html/verifyThatUserRegisterAccountSuccessfullyTue_Dec_13_00_40_58_GMT_2022.jpg height=200 width=200></img></a>]]>
  </system-out>
  <testcase name="verifyUserShouldNavigateToRegisterPageSuccessfully" time="25.494" classname="com.tutorialsninja.testsuite.MyAccountTest"/>
  <system-out>
    <![CDATA[clickonMyAccount[[ChromeDriver: chrome on WINDOWS (239b6d703f4779e2139ab07df42cd140)] -> xpath: //span[contains(text(),'My Account')]]
getVerifyRegister[[ChromeDriver: chrome on WINDOWS (239b6d703f4779e2139ab07df42cd140)] -> xpath: //h1[contains(text(),'Register Account')]]
Click to see screenshot
<a target = "_blank" href=C:\Users\USER\IdeaProjects\testng-week15-tutorialsninja-naresh/test-output/html/verifyUserShouldNavigateToRegisterPageSuccessfullyTue_Dec_13_00_41_35_GMT_2022.jpg>Screenshot</a>
<br>
<br>
<a target = "_blank" href=C:\Users\USER\IdeaProjects\testng-week15-tutorialsninja-naresh/test-output/html/verifyUserShouldNavigateToRegisterPageSuccessfullyTue_Dec_13_00_41_35_GMT_2022.jpg><img src=C:\Users\USER\IdeaProjects\testng-week15-tutorialsninja-naresh/test-output/html/verifyUserShouldNavigateToRegisterPageSuccessfullyTue_Dec_13_00_41_35_GMT_2022.jpg height=200 width=200></img></a>]]>
  </system-out>
</testsuite> <!-- com.tutorialsninja.testsuite.MyAccountTest -->
